<?xml version="1.0" encoding="UTF-8"?>
<robot generator="Robot 3.2.1 (Python 3.7.5 on linux)" generated="20200925 13:50:47.483" rpa="false">
<suite id="s1" name="Isg-Cim-Tpdl-Demo" source="/home/poliveira/git/isg-cim-tpdl-demo">
<suite id="s1-s1" name="TP" source="/home/poliveira/git/isg-cim-tpdl-demo/TP">
<suite id="s1-s1-s1" name="NGSI-LD" source="/home/poliveira/git/isg-cim-tpdl-demo/TP/NGSI-LD">
<suite id="s1-s1-s1-s1" name="ContextInformation" source="/home/poliveira/git/isg-cim-tpdl-demo/TP/NGSI-LD/ContextInformation">
<suite id="s1-s1-s1-s1-s1" name="Provision" source="/home/poliveira/git/isg-cim-tpdl-demo/TP/NGSI-LD/ContextInformation/Provision">
<suite id="s1-s1-s1-s1-s1-s1" name="Entities" source="/home/poliveira/git/isg-cim-tpdl-demo/TP/NGSI-LD/ContextInformation/Provision/Entities">
<suite id="s1-s1-s1-s1-s1-s1-s1" name="CreateEntity" source="/home/poliveira/git/isg-cim-tpdl-demo/TP/NGSI-LD/ContextInformation/Provision/Entities/CreateEntity">
<suite id="s1-s1-s1-s1-s1-s1-s1-s1" name="AlreadyExists" source="/home/poliveira/git/isg-cim-tpdl-demo/TP/NGSI-LD/ContextInformation/Provision/Entities/CreateEntity/AlreadyExists.robot">
<test id="s1-s1-s1-s1-s1-s1-s1-s1-t1" name="AlreadyExists">
<kw name="Create Entity">
<arguments>
<arg>building-minimal.jsonld</arg>
</arguments>
<kw name="Create Dictionary" library="BuiltIn">
<doc>Creates and returns a dictionary based on the given ``items``.</doc>
<arguments>
<arg>Content-Type=application/ld+json</arg>
<arg>authorization=Bearer ${token}</arg>
</arguments>
<assign>
<var>&amp;{headers}</var>
</assign>
<msg timestamp="20200925 13:50:47.864" level="INFO">&amp;{headers} = { Content-Type=application/ld+json | authorization=Bearer eyJhbGciOiJSUzI1NiIsInR5cCIgOiAiSldUIiwia2lkIiA6ICJIS0xvcnlIcDN6VHlOY0EtNWYwQ19iVC1hbm5ldDFLSUhFT0U1VnN1NjRrIn0.eyJleHAiOjE2MDE4OTk1ODQsImlhdC...</msg>
<status status="PASS" starttime="20200925 13:50:47.863" endtime="20200925 13:50:47.864"></status>
</kw>
<kw name="Post" library="REST">
<tags>
<tag>http</tag>
</tags>
<doc>*Sends a POST request to the endpoint.*</doc>
<arguments>
<arg>${endpoint}</arg>
<arg>body=/home/poliveira/git/isg-cim-tpdl-demo/TP/NGSI-LD/ContextInformation/Provision/Entities/CreateEntity/data/${filename}</arg>
<arg>headers=${headers}</arg>
</arguments>
<assign>
<var>${response}</var>
</assign>
<msg timestamp="20200925 13:50:51.090" level="INFO">${response} = {'seconds': 0.157198, 'status': 201, 'body': '', 'headers': {'Server': 'nginx/1.14.2', 'Date': 'Fri, 25 Sep 2020 12:50:50 GMT', 'Content-Length': '0', 'Connection': 'keep-alive', 'Location': '/ngsi-ld...</msg>
<status status="PASS" starttime="20200925 13:50:47.864" endtime="20200925 13:50:51.090"></status>
</kw>
<kw name="Output" library="REST">
<tags>
<tag>I/O</tag>
</tags>
<doc>*Outputs JSON to terminal or a file.*</doc>
<arguments>
<arg>request</arg>
</arguments>
<msg timestamp="20200925 13:50:51.091" level="INFO">
{
    "method": "POST",
    "url": "https://stellio-dev.eglobalmark.com/ngsi-ld/v1/entities",
    "scheme": "https",
    "netloc": "stellio-dev.eglobalmark.com",
    "path": "/ngsi-ld/v1/entities",
    "query": {},
    "body": {
        "id": "urn:ngsi-ld:Building:3009ef20-9f62-41f5-bd66-92f041b428b9",
        "type": "Building",
        "@context": [
            "https://fiware.github.io/data-models/context.jsonld",
            "https://uri.etsi.org/ngsi-ld/v1/ngsi-ld-core-context.jsonld"
        ]
    },
    "headers": {
        "Accept": "application/json, */*",
        "Content-Type": "application/ld+json",
        "User-Agent": "RESTinstance/1.0.2",
        "authorization": "Bearer eyJhbGciOiJSUzI1NiIsInR5cCIgOiAiSldUIiwia2lkIiA6ICJIS0xvcnlIcDN6VHlOY0EtNWYwQ19iVC1hbm5ldDFLSUhFT0U1VnN1NjRrIn0.eyJleHAiOjE2MDE4OTk1ODQsImlhdCI6MTYwMTAzNTU4NCwianRpIjoiMWM1OWM1ZGEtOTJiYy00YzlmLThjNzAtNmJjYjllMTVhNWE1IiwiaXNzIjoiaHR0cHM6Ly9zc28uZWdsb2JhbG1hcmsuY29tL2F1dGgvcmVhbG1zL3N0ZWxsaW8tZGV2IiwiYXVkIjoiYWNjb3VudCIsInN1YiI6ImYzZmVlOWFkLWI3NzItNDFmMy05ZmVmLTNhODIxODI3OTUwMyIsInR5cCI6IkJlYXJlciIsImF6cCI6InR0Zi1jaW0tdWJpd2hlcmUiLCJzZXNzaW9uX3N0YXRlIjoiNDE0OWMwNzctNjMyOS00ODEzLTg1ZmItZGIwYTU1OGI5ZDcyIiwiYWNyIjoiMSIsInJlYWxtX2FjY2VzcyI6eyJyb2xlcyI6WyJzdGVsbGlvLWNyZWF0b3IiLCJvZmZsaW5lX2FjY2VzcyIsInVtYV9hdXRob3JpemF0aW9uIl19LCJyZXNvdXJjZV9hY2Nlc3MiOnsidHRmLWNpbS11Yml3aGVyZSI6eyJyb2xlcyI6WyJ1bWFfcHJvdGVjdGlvbiJdfSwiYWNjb3VudCI6eyJyb2xlcyI6WyJtYW5hZ2UtYWNjb3VudCIsIm1hbmFnZS1hY2NvdW50LWxpbmtzIiwidmlldy1wcm9maWxlIl19fSwic2NvcGUiOiJwcm9maWxlIGVtYWlsIiwiZW1haWxfdmVyaWZpZWQiOmZhbHNlLCJjbGllbnRJZCI6InR0Zi1jaW0tdWJpd2hlcmUiLCJjbGllbnRIb3N0IjoiMTAuNS4xLjEiLCJwcmVmZXJyZWRfdXNlcm5hbWUiOiJzZXJ2aWNlLWFjY291bnQtdHRmLWNpbS11Yml3aGVyZSIsImNsaWVudEFkZHJlc3MiOiIxMC41LjEuMSJ9.hVeuUUmH7jJ6h1Bj6voYzaE-513JMU5VNnjU5Fm1oQWkz2b9jElofSE_PB--JAVdk54hGuS9U_rD68Xwg-YHxkNeaGPyhZYXuiEwu9R7l4EApKDgqabNM_o_KO-jZjXlVLarym8Kz4Ucfp3F4AJ2DnLGKFhAUV4poTZV4s8LVXXboSHBFqRpKICPP_NkGwUxflDHwLi1Di5gEFU4EnFDJq5snSEug9YPlmHFyhXAFajqa25DFc1Qd2PwqIVBn37NTFhqq_vn8QeJZj3XS8kn2A_WrwggqnXWpoWUp_rXFLEs8kYlhibBGwDLImQlP1KUmMASCn9dwnCUzcWzPInRzQ"
    },
    "proxies": {},
    "timeout": [
        null,
        null
    ],
    "cert": null,
    "sslVerify": true,
    "allowRedirects": true,
    "timestamp": {
        "utc": "2020-09-25T12:50:51.029286+00:00",
        "local": "2020-09-25T13:50:51.029286+01:00"
    }
}</msg>
<status status="PASS" starttime="20200925 13:50:51.090" endtime="20200925 13:50:51.099"></status>
</kw>
<kw name="Output" library="REST">
<tags>
<tag>I/O</tag>
</tags>
<doc>*Outputs JSON to terminal or a file.*</doc>
<arguments>
<arg>response</arg>
</arguments>
<msg timestamp="20200925 13:50:51.099" level="INFO">
{
    "seconds": 0.157198,
    "status": 201,
    "body": "",
    "headers": {
        "Server": "nginx/1.14.2",
        "Date": "Fri, 25 Sep 2020 12:50:50 GMT",
        "Content-Length": "0",
        "Connection": "keep-alive",
        "Location": "/ngsi-ld/v1/entities/urn:ngsi-ld:Building:3009ef20-9f62-41f5-bd66-92f041b428b9",
        "Cache-Control": "no-cache, no-store, max-age=0, must-revalidate",
        "Pragma": "no-cache",
        "Expires": "0",
        "X-Content-Type-Options": "nosniff",
        "X-Frame-Options": "DENY",
        "X-XSS-Protection": "1 ; mode=block",
        "Referrer-Policy": "no-referrer",
        "Strict-Transport-Security": "max-age=31536000"
    }
}</msg>
<status status="PASS" starttime="20200925 13:50:51.099" endtime="20200925 13:50:51.100"></status>
</kw>
<kw name="Set Test Variable" library="BuiltIn">
<doc>Makes a variable available everywhere within the scope of the current test.</doc>
<arguments>
<arg>${response}</arg>
</arguments>
<msg timestamp="20200925 13:50:51.101" level="INFO">${response} = {'seconds': 0.157198, 'status': 201, 'body': '', 'headers': {'Server': 'nginx/1.14.2', 'Date': 'Fri, 25 Sep 2020 12:50:50 GMT', 'Content-Length': '0', 'Connection': 'keep-alive', 'Location': '/ngsi-ld...</msg>
<status status="PASS" starttime="20200925 13:50:51.101" endtime="20200925 13:50:51.101"></status>
</kw>
<status status="PASS" starttime="20200925 13:50:47.862" endtime="20200925 13:50:51.101"></status>
</kw>
<kw name="Create Entity">
<arguments>
<arg>building-minimal.jsonld</arg>
</arguments>
<kw name="Create Dictionary" library="BuiltIn">
<doc>Creates and returns a dictionary based on the given ``items``.</doc>
<arguments>
<arg>Content-Type=application/ld+json</arg>
<arg>authorization=Bearer ${token}</arg>
</arguments>
<assign>
<var>&amp;{headers}</var>
</assign>
<msg timestamp="20200925 13:50:51.103" level="INFO">&amp;{headers} = { Content-Type=application/ld+json | authorization=Bearer eyJhbGciOiJSUzI1NiIsInR5cCIgOiAiSldUIiwia2lkIiA6ICJIS0xvcnlIcDN6VHlOY0EtNWYwQ19iVC1hbm5ldDFLSUhFT0U1VnN1NjRrIn0.eyJleHAiOjE2MDE4OTk1ODQsImlhdC...</msg>
<status status="PASS" starttime="20200925 13:50:51.102" endtime="20200925 13:50:51.103"></status>
</kw>
<kw name="Post" library="REST">
<tags>
<tag>http</tag>
</tags>
<doc>*Sends a POST request to the endpoint.*</doc>
<arguments>
<arg>${endpoint}</arg>
<arg>body=/home/poliveira/git/isg-cim-tpdl-demo/TP/NGSI-LD/ContextInformation/Provision/Entities/CreateEntity/data/${filename}</arg>
<arg>headers=${headers}</arg>
</arguments>
<assign>
<var>${response}</var>
</assign>
<msg timestamp="20200925 13:50:51.623" level="INFO">${response} = {'seconds': 0.509346, 'status': 409, 'body': {'detail': 'Already Exists', 'type': 'https://uri.etsi.org/ngsi-ld/errors/AlreadyExists', 'title': 'The referred element already exists'}, 'headers': {'Ser...</msg>
<status status="PASS" starttime="20200925 13:50:51.103" endtime="20200925 13:50:51.623"></status>
</kw>
<kw name="Output" library="REST">
<tags>
<tag>I/O</tag>
</tags>
<doc>*Outputs JSON to terminal or a file.*</doc>
<arguments>
<arg>request</arg>
</arguments>
<msg timestamp="20200925 13:50:51.625" level="INFO">
{
    "method": "POST",
    "url": "https://stellio-dev.eglobalmark.com/ngsi-ld/v1/entities",
    "scheme": "https",
    "netloc": "stellio-dev.eglobalmark.com",
    "path": "/ngsi-ld/v1/entities",
    "query": {},
    "body": {
        "id": "urn:ngsi-ld:Building:3009ef20-9f62-41f5-bd66-92f041b428b9",
        "type": "Building",
        "@context": [
            "https://fiware.github.io/data-models/context.jsonld",
            "https://uri.etsi.org/ngsi-ld/v1/ngsi-ld-core-context.jsonld"
        ]
    },
    "headers": {
        "Accept": "application/json, */*",
        "Content-Type": "application/ld+json",
        "User-Agent": "RESTinstance/1.0.2",
        "authorization": "Bearer eyJhbGciOiJSUzI1NiIsInR5cCIgOiAiSldUIiwia2lkIiA6ICJIS0xvcnlIcDN6VHlOY0EtNWYwQ19iVC1hbm5ldDFLSUhFT0U1VnN1NjRrIn0.eyJleHAiOjE2MDE4OTk1ODQsImlhdCI6MTYwMTAzNTU4NCwianRpIjoiMWM1OWM1ZGEtOTJiYy00YzlmLThjNzAtNmJjYjllMTVhNWE1IiwiaXNzIjoiaHR0cHM6Ly9zc28uZWdsb2JhbG1hcmsuY29tL2F1dGgvcmVhbG1zL3N0ZWxsaW8tZGV2IiwiYXVkIjoiYWNjb3VudCIsInN1YiI6ImYzZmVlOWFkLWI3NzItNDFmMy05ZmVmLTNhODIxODI3OTUwMyIsInR5cCI6IkJlYXJlciIsImF6cCI6InR0Zi1jaW0tdWJpd2hlcmUiLCJzZXNzaW9uX3N0YXRlIjoiNDE0OWMwNzctNjMyOS00ODEzLTg1ZmItZGIwYTU1OGI5ZDcyIiwiYWNyIjoiMSIsInJlYWxtX2FjY2VzcyI6eyJyb2xlcyI6WyJzdGVsbGlvLWNyZWF0b3IiLCJvZmZsaW5lX2FjY2VzcyIsInVtYV9hdXRob3JpemF0aW9uIl19LCJyZXNvdXJjZV9hY2Nlc3MiOnsidHRmLWNpbS11Yml3aGVyZSI6eyJyb2xlcyI6WyJ1bWFfcHJvdGVjdGlvbiJdfSwiYWNjb3VudCI6eyJyb2xlcyI6WyJtYW5hZ2UtYWNjb3VudCIsIm1hbmFnZS1hY2NvdW50LWxpbmtzIiwidmlldy1wcm9maWxlIl19fSwic2NvcGUiOiJwcm9maWxlIGVtYWlsIiwiZW1haWxfdmVyaWZpZWQiOmZhbHNlLCJjbGllbnRJZCI6InR0Zi1jaW0tdWJpd2hlcmUiLCJjbGllbnRIb3N0IjoiMTAuNS4xLjEiLCJwcmVmZXJyZWRfdXNlcm5hbWUiOiJzZXJ2aWNlLWFjY291bnQtdHRmLWNpbS11Yml3aGVyZSIsImNsaWVudEFkZHJlc3MiOiIxMC41LjEuMSJ9.hVeuUUmH7jJ6h1Bj6voYzaE-513JMU5VNnjU5Fm1oQWkz2b9jElofSE_PB--JAVdk54hGuS9U_rD68Xwg-YHxkNeaGPyhZYXuiEwu9R7l4EApKDgqabNM_o_KO-jZjXlVLarym8Kz4Ucfp3F4AJ2DnLGKFhAUV4poTZV4s8LVXXboSHBFqRpKICPP_NkGwUxflDHwLi1Di5gEFU4EnFDJq5snSEug9YPlmHFyhXAFajqa25DFc1Qd2PwqIVBn37NTFhqq_vn8QeJZj3XS8kn2A_WrwggqnXWpoWUp_rXFLEs8kYlhibBGwDLImQlP1KUmMASCn9dwnCUzcWzPInRzQ"
    },
    "proxies": {},
    "timeout": [
        null,
        null
    ],
    "cert": null,
    "sslVerify": true,
    "allowRedirects": true,
    "timestamp": {
        "utc": "2020-09-25T12:50:51.618156+00:00",
        "local": "2020-09-25T13:50:51.618156+01:00"
    }
}</msg>
<status status="PASS" starttime="20200925 13:50:51.624" endtime="20200925 13:50:51.629"></status>
</kw>
<kw name="Output" library="REST">
<tags>
<tag>I/O</tag>
</tags>
<doc>*Outputs JSON to terminal or a file.*</doc>
<arguments>
<arg>response</arg>
</arguments>
<msg timestamp="20200925 13:50:51.634" level="INFO">
{
    "seconds": 0.509346,
    "status": 409,
    "body": {
        "detail": "Already Exists",
        "type": "https://uri.etsi.org/ngsi-ld/errors/AlreadyExists",
        "title": "The referred element already exists"
    },
    "headers": {
        "Server": "nginx/1.14.2",
        "Date": "Fri, 25 Sep 2020 12:50:51 GMT",
        "Content-Type": "application/json",
        "Content-Length": "132",
        "Connection": "keep-alive",
        "Cache-Control": "no-cache, no-store, max-age=0, must-revalidate",
        "Pragma": "no-cache",
        "Expires": "0",
        "X-Content-Type-Options": "nosniff",
        "X-Frame-Options": "DENY",
        "X-XSS-Protection": "1 ; mode=block",
        "Referrer-Policy": "no-referrer"
    }
}</msg>
<status status="PASS" starttime="20200925 13:50:51.631" endtime="20200925 13:50:51.641"></status>
</kw>
<kw name="Set Test Variable" library="BuiltIn">
<doc>Makes a variable available everywhere within the scope of the current test.</doc>
<arguments>
<arg>${response}</arg>
</arguments>
<msg timestamp="20200925 13:50:51.645" level="INFO">${response} = {'seconds': 0.509346, 'status': 409, 'body': {'detail': 'Already Exists', 'type': 'https://uri.etsi.org/ngsi-ld/errors/AlreadyExists', 'title': 'The referred element already exists'}, 'headers': {'Ser...</msg>
<status status="PASS" starttime="20200925 13:50:51.642" endtime="20200925 13:50:51.646"></status>
</kw>
<status status="PASS" starttime="20200925 13:50:51.102" endtime="20200925 13:50:51.647"></status>
</kw>
<kw name="Check HTTP Status Code Is">
<arguments>
<arg>409</arg>
</arguments>
<kw name="Convert To String" library="BuiltIn">
<doc>Converts the given item to a Unicode string.</doc>
<arguments>
<arg>${response['status']}</arg>
</arguments>
<assign>
<var>${response_status}</var>
</assign>
<msg timestamp="20200925 13:50:51.655" level="INFO">${response_status} = 409</msg>
<status status="PASS" starttime="20200925 13:50:51.650" endtime="20200925 13:50:51.655"></status>
</kw>
<kw name="Should Be Equal" library="BuiltIn">
<doc>Fails if the given objects are unequal.</doc>
<arguments>
<arg>${response_status}</arg>
<arg>${status}</arg>
</arguments>
<status status="PASS" starttime="20200925 13:50:51.656" endtime="20200925 13:50:51.660"></status>
</kw>
<status status="PASS" starttime="20200925 13:50:51.648" endtime="20200925 13:50:51.661"></status>
</kw>
<kw name="Check HTTP Response Body Json Schema Is">
<arguments>
<arg>error_response</arg>
</arguments>
<kw name="Should Contain" library="BuiltIn">
<doc>Fails if ``container`` does not contain ``item`` one or more times.</doc>
<arguments>
<arg>${response['headers']['Content-Type']}</arg>
<arg>application/json</arg>
</arguments>
<status status="PASS" starttime="20200925 13:50:51.666" endtime="20200925 13:50:51.669"></status>
</kw>
<kw name="Catenate" library="BuiltIn">
<doc>Catenates the given items together and returns the resulted string.</doc>
<arguments>
<arg>SEPARATOR=</arg>
<arg>${input}</arg>
<arg>.schema.json</arg>
</arguments>
<assign>
<var>${schema}</var>
</assign>
<msg timestamp="20200925 13:50:51.672" level="INFO">${schema} = error_response.schema.json</msg>
<status status="PASS" starttime="20200925 13:50:51.670" endtime="20200925 13:50:51.672"></status>
</kw>
<kw name="Validate Json" library="JSONSchemaLibrary">
<doc>Validates the sample JSON against the given schema.</doc>
<arguments>
<arg>${schema}</arg>
<arg>${response['body']}</arg>
</arguments>
<status status="PASS" starttime="20200925 13:50:51.674" endtime="20200925 13:50:51.681"></status>
</kw>
<kw name="Log" library="BuiltIn">
<doc>Logs the given message with the given level.</doc>
<arguments>
<arg>Json Schema Validation OK</arg>
</arguments>
<msg timestamp="20200925 13:50:51.684" level="INFO">Json Schema Validation OK</msg>
<status status="PASS" starttime="20200925 13:50:51.682" endtime="20200925 13:50:51.684"></status>
</kw>
<status status="PASS" starttime="20200925 13:50:51.662" endtime="20200925 13:50:51.686"></status>
</kw>
<kw name="Delete Entity by Id">
<arguments>
<arg>urn:ngsi-ld:Building:3009ef20-9f62-41f5-bd66-92f041b428b9</arg>
</arguments>
<kw name="Create Dictionary" library="BuiltIn">
<doc>Creates and returns a dictionary based on the given ``items``.</doc>
<arguments>
<arg>authorization=Bearer ${token}</arg>
</arguments>
<assign>
<var>&amp;{headers}</var>
</assign>
<msg timestamp="20200925 13:50:51.691" level="INFO">&amp;{headers} = { authorization=Bearer eyJhbGciOiJSUzI1NiIsInR5cCIgOiAiSldUIiwia2lkIiA6ICJIS0xvcnlIcDN6VHlOY0EtNWYwQ19iVC1hbm5ldDFLSUhFT0U1VnN1NjRrIn0.eyJleHAiOjE2MDE4OTk1ODQsImlhdCI6MTYwMTAzNTU4NCwianRpIjoiMWM1OWM1Z...</msg>
<status status="PASS" starttime="20200925 13:50:51.689" endtime="20200925 13:50:51.691"></status>
</kw>
<kw name="Delete" library="REST">
<tags>
<tag>http</tag>
</tags>
<doc>*Sends a DELETE request to the endpoint.*</doc>
<arguments>
<arg>${endpoint}/${id}</arg>
<arg>headers=${headers}</arg>
</arguments>
<assign>
<var>${response}</var>
</assign>
<msg timestamp="20200925 13:50:53.357" level="INFO">${response} = {'seconds': 0.650642, 'status': 204, 'body': '', 'headers': {'Server': 'nginx/1.14.2', 'Date': 'Fri, 25 Sep 2020 12:50:53 GMT', 'Connection': 'keep-alive', 'Cache-Control': 'no-cache, no-store, max-ag...</msg>
<status status="PASS" starttime="20200925 13:50:51.692" endtime="20200925 13:50:53.357"></status>
</kw>
<kw name="Output" library="REST">
<tags>
<tag>I/O</tag>
</tags>
<doc>*Outputs JSON to terminal or a file.*</doc>
<arguments>
<arg>request</arg>
</arguments>
<msg timestamp="20200925 13:50:53.359" level="INFO">
{
    "method": "DELETE",
    "url": "https://stellio-dev.eglobalmark.com/ngsi-ld/v1/entities/urn:ngsi-ld:Building:3009ef20-9f62-41f5-bd66-92f041b428b9",
    "scheme": "https",
    "netloc": "stellio-dev.eglobalmark.com",
    "path": "/ngsi-ld/v1/entities/urn:ngsi-ld:Building:3009ef20-9f62-41f5-bd66-92f041b428b9",
    "query": {},
    "body": null,
    "headers": {
        "Accept": "application/json, */*",
        "Content-Type": "application/json",
        "User-Agent": "RESTinstance/1.0.2",
        "authorization": "Bearer eyJhbGciOiJSUzI1NiIsInR5cCIgOiAiSldUIiwia2lkIiA6ICJIS0xvcnlIcDN6VHlOY0EtNWYwQ19iVC1hbm5ldDFLSUhFT0U1VnN1NjRrIn0.eyJleHAiOjE2MDE4OTk1ODQsImlhdCI6MTYwMTAzNTU4NCwianRpIjoiMWM1OWM1ZGEtOTJiYy00YzlmLThjNzAtNmJjYjllMTVhNWE1IiwiaXNzIjoiaHR0cHM6Ly9zc28uZWdsb2JhbG1hcmsuY29tL2F1dGgvcmVhbG1zL3N0ZWxsaW8tZGV2IiwiYXVkIjoiYWNjb3VudCIsInN1YiI6ImYzZmVlOWFkLWI3NzItNDFmMy05ZmVmLTNhODIxODI3OTUwMyIsInR5cCI6IkJlYXJlciIsImF6cCI6InR0Zi1jaW0tdWJpd2hlcmUiLCJzZXNzaW9uX3N0YXRlIjoiNDE0OWMwNzctNjMyOS00ODEzLTg1ZmItZGIwYTU1OGI5ZDcyIiwiYWNyIjoiMSIsInJlYWxtX2FjY2VzcyI6eyJyb2xlcyI6WyJzdGVsbGlvLWNyZWF0b3IiLCJvZmZsaW5lX2FjY2VzcyIsInVtYV9hdXRob3JpemF0aW9uIl19LCJyZXNvdXJjZV9hY2Nlc3MiOnsidHRmLWNpbS11Yml3aGVyZSI6eyJyb2xlcyI6WyJ1bWFfcHJvdGVjdGlvbiJdfSwiYWNjb3VudCI6eyJyb2xlcyI6WyJtYW5hZ2UtYWNjb3VudCIsIm1hbmFnZS1hY2NvdW50LWxpbmtzIiwidmlldy1wcm9maWxlIl19fSwic2NvcGUiOiJwcm9maWxlIGVtYWlsIiwiZW1haWxfdmVyaWZpZWQiOmZhbHNlLCJjbGllbnRJZCI6InR0Zi1jaW0tdWJpd2hlcmUiLCJjbGllbnRIb3N0IjoiMTAuNS4xLjEiLCJwcmVmZXJyZWRfdXNlcm5hbWUiOiJzZXJ2aWNlLWFjY291bnQtdHRmLWNpbS11Yml3aGVyZSIsImNsaWVudEFkZHJlc3MiOiIxMC41LjEuMSJ9.hVeuUUmH7jJ6h1Bj6voYzaE-513JMU5VNnjU5Fm1oQWkz2b9jElofSE_PB--JAVdk54hGuS9U_rD68Xwg-YHxkNeaGPyhZYXuiEwu9R7l4EApKDgqabNM_o_KO-jZjXlVLarym8Kz4Ucfp3F4AJ2DnLGKFhAUV4poTZV4s8LVXXboSHBFqRpKICPP_NkGwUxflDHwLi1Di5gEFU4EnFDJq5snSEug9YPlmHFyhXAFajqa25DFc1Qd2PwqIVBn37NTFhqq_vn8QeJZj3XS8kn2A_WrwggqnXWpoWUp_rXFLEs8kYlhibBGwDLImQlP1KUmMASCn9dwnCUzcWzPInRzQ"
    },
    "proxies": {},
    "timeout": [
        null,
        null
    ],
    "cert": null,
    "sslVerify": true,
    "allowRedirects": true,
    "timestamp": {
        "utc": "2020-09-25T12:50:53.353383+00:00",
        "local": "2020-09-25T13:50:53.353383+01:00"
    }
}</msg>
<status status="PASS" starttime="20200925 13:50:53.358" endtime="20200925 13:50:53.362"></status>
</kw>
<kw name="Output" library="REST">
<tags>
<tag>I/O</tag>
</tags>
<doc>*Outputs JSON to terminal or a file.*</doc>
<arguments>
<arg>response</arg>
</arguments>
<msg timestamp="20200925 13:50:53.365" level="INFO">
{
    "seconds": 0.650642,
    "status": 204,
    "body": "",
    "headers": {
        "Server": "nginx/1.14.2",
        "Date": "Fri, 25 Sep 2020 12:50:53 GMT",
        "Connection": "keep-alive",
        "Cache-Control": "no-cache, no-store, max-age=0, must-revalidate",
        "Pragma": "no-cache",
        "Expires": "0",
        "X-Content-Type-Options": "nosniff",
        "X-Frame-Options": "DENY",
        "X-XSS-Protection": "1 ; mode=block",
        "Referrer-Policy": "no-referrer",
        "Strict-Transport-Security": "max-age=31536000"
    }
}</msg>
<status status="PASS" starttime="20200925 13:50:53.363" endtime="20200925 13:50:53.370"></status>
</kw>
<status status="PASS" starttime="20200925 13:50:51.686" endtime="20200925 13:50:53.372"></status>
</kw>
<doc>Check that the IUT refuses to create an entity if one exists with the same identifier</doc>
<tags>
<tag>critical</tag>
</tags>
<status status="PASS" starttime="20200925 13:50:47.861" endtime="20200925 13:50:53.374" critical="yes"></status>
</test>
<doc>Check that the IUT refuses to create an entity if one exists with the same identifier</doc>
<status status="PASS" starttime="20200925 13:50:47.528" endtime="20200925 13:50:53.383"></status>
</suite>
<suite id="s1-s1-s1-s1-s1-s1-s1-s2" name="SuccessCases-datadriven" source="/home/poliveira/git/isg-cim-tpdl-demo/TP/NGSI-LD/ContextInformation/Provision/Entities/CreateEntity/SuccessCases-datadriven.robot">
<test id="s1-s1-s1-s1-s1-s1-s1-s2-t1" name="SuccessCases_MinimalEntity">
<kw name="Create Entity Scenarios">
<arguments>
<arg>building-minimal.jsonld</arg>
</arguments>
<kw name="Create Entity">
<arguments>
<arg>${filename}</arg>
</arguments>
<kw name="Create Dictionary" library="BuiltIn">
<doc>Creates and returns a dictionary based on the given ``items``.</doc>
<arguments>
<arg>Content-Type=application/ld+json</arg>
<arg>authorization=Bearer ${token}</arg>
</arguments>
<assign>
<var>&amp;{headers}</var>
</assign>
<msg timestamp="20200925 13:50:53.437" level="INFO">&amp;{headers} = { Content-Type=application/ld+json | authorization=Bearer eyJhbGciOiJSUzI1NiIsInR5cCIgOiAiSldUIiwia2lkIiA6ICJIS0xvcnlIcDN6VHlOY0EtNWYwQ19iVC1hbm5ldDFLSUhFT0U1VnN1NjRrIn0.eyJleHAiOjE2MDE4OTk1ODQsImlhdC...</msg>
<status status="PASS" starttime="20200925 13:50:53.435" endtime="20200925 13:50:53.438"></status>
</kw>
<kw name="Post" library="REST">
<tags>
<tag>http</tag>
</tags>
<doc>*Sends a POST request to the endpoint.*</doc>
<arguments>
<arg>${endpoint}</arg>
<arg>body=/home/poliveira/git/isg-cim-tpdl-demo/TP/NGSI-LD/ContextInformation/Provision/Entities/CreateEntity/data/${filename}</arg>
<arg>headers=${headers}</arg>
</arguments>
<assign>
<var>${response}</var>
</assign>
<msg timestamp="20200925 13:50:54.161" level="INFO">${response} = {'seconds': 0.7107, 'status': 201, 'body': '', 'headers': {'Server': 'nginx/1.14.2', 'Date': 'Fri, 25 Sep 2020 12:50:54 GMT', 'Content-Length': '0', 'Connection': 'keep-alive', 'Location': '/ngsi-ld/v...</msg>
<status status="PASS" starttime="20200925 13:50:53.438" endtime="20200925 13:50:54.161"></status>
</kw>
<kw name="Output" library="REST">
<tags>
<tag>I/O</tag>
</tags>
<doc>*Outputs JSON to terminal or a file.*</doc>
<arguments>
<arg>request</arg>
</arguments>
<msg timestamp="20200925 13:50:54.166" level="INFO">
{
    "method": "POST",
    "url": "https://stellio-dev.eglobalmark.com/ngsi-ld/v1/entities",
    "scheme": "https",
    "netloc": "stellio-dev.eglobalmark.com",
    "path": "/ngsi-ld/v1/entities",
    "query": {},
    "body": {
        "id": "urn:ngsi-ld:Building:3009ef20-9f62-41f5-bd66-92f041b428b9",
        "type": "Building",
        "@context": [
            "https://fiware.github.io/data-models/context.jsonld",
            "https://uri.etsi.org/ngsi-ld/v1/ngsi-ld-core-context.jsonld"
        ]
    },
    "headers": {
        "Accept": "application/json, */*",
        "Content-Type": "application/ld+json",
        "User-Agent": "RESTinstance/1.0.2",
        "authorization": "Bearer eyJhbGciOiJSUzI1NiIsInR5cCIgOiAiSldUIiwia2lkIiA6ICJIS0xvcnlIcDN6VHlOY0EtNWYwQ19iVC1hbm5ldDFLSUhFT0U1VnN1NjRrIn0.eyJleHAiOjE2MDE4OTk1ODQsImlhdCI6MTYwMTAzNTU4NCwianRpIjoiMWM1OWM1ZGEtOTJiYy00YzlmLThjNzAtNmJjYjllMTVhNWE1IiwiaXNzIjoiaHR0cHM6Ly9zc28uZWdsb2JhbG1hcmsuY29tL2F1dGgvcmVhbG1zL3N0ZWxsaW8tZGV2IiwiYXVkIjoiYWNjb3VudCIsInN1YiI6ImYzZmVlOWFkLWI3NzItNDFmMy05ZmVmLTNhODIxODI3OTUwMyIsInR5cCI6IkJlYXJlciIsImF6cCI6InR0Zi1jaW0tdWJpd2hlcmUiLCJzZXNzaW9uX3N0YXRlIjoiNDE0OWMwNzctNjMyOS00ODEzLTg1ZmItZGIwYTU1OGI5ZDcyIiwiYWNyIjoiMSIsInJlYWxtX2FjY2VzcyI6eyJyb2xlcyI6WyJzdGVsbGlvLWNyZWF0b3IiLCJvZmZsaW5lX2FjY2VzcyIsInVtYV9hdXRob3JpemF0aW9uIl19LCJyZXNvdXJjZV9hY2Nlc3MiOnsidHRmLWNpbS11Yml3aGVyZSI6eyJyb2xlcyI6WyJ1bWFfcHJvdGVjdGlvbiJdfSwiYWNjb3VudCI6eyJyb2xlcyI6WyJtYW5hZ2UtYWNjb3VudCIsIm1hbmFnZS1hY2NvdW50LWxpbmtzIiwidmlldy1wcm9maWxlIl19fSwic2NvcGUiOiJwcm9maWxlIGVtYWlsIiwiZW1haWxfdmVyaWZpZWQiOmZhbHNlLCJjbGllbnRJZCI6InR0Zi1jaW0tdWJpd2hlcmUiLCJjbGllbnRIb3N0IjoiMTAuNS4xLjEiLCJwcmVmZXJyZWRfdXNlcm5hbWUiOiJzZXJ2aWNlLWFjY291bnQtdHRmLWNpbS11Yml3aGVyZSIsImNsaWVudEFkZHJlc3MiOiIxMC41LjEuMSJ9.hVeuUUmH7jJ6h1Bj6voYzaE-513JMU5VNnjU5Fm1oQWkz2b9jElofSE_PB--JAVdk54hGuS9U_rD68Xwg-YHxkNeaGPyhZYXuiEwu9R7l4EApKDgqabNM_o_KO-jZjXlVLarym8Kz4Ucfp3F4AJ2DnLGKFhAUV4poTZV4s8LVXXboSHBFqRpKICPP_NkGwUxflDHwLi1Di5gEFU4EnFDJq5snSEug9YPlmHFyhXAFajqa25DFc1Qd2PwqIVBn37NTFhqq_vn8QeJZj3XS8kn2A_WrwggqnXWpoWUp_rXFLEs8kYlhibBGwDLImQlP1KUmMASCn9dwnCUzcWzPInRzQ"
    },
    "proxies": {},
    "timeout": [
        null,
        null
    ],
    "cert": null,
    "sslVerify": true,
    "allowRedirects": true,
    "timestamp": {
        "utc": "2020-09-25T12:50:54.157780+00:00",
        "local": "2020-09-25T13:50:54.157780+01:00"
    }
}</msg>
<status status="PASS" starttime="20200925 13:50:54.162" endtime="20200925 13:50:54.175"></status>
</kw>
<kw name="Output" library="REST">
<tags>
<tag>I/O</tag>
</tags>
<doc>*Outputs JSON to terminal or a file.*</doc>
<arguments>
<arg>response</arg>
</arguments>
<msg timestamp="20200925 13:50:54.178" level="INFO">
{
    "seconds": 0.7107,
    "status": 201,
    "body": "",
    "headers": {
        "Server": "nginx/1.14.2",
        "Date": "Fri, 25 Sep 2020 12:50:54 GMT",
        "Content-Length": "0",
        "Connection": "keep-alive",
        "Location": "/ngsi-ld/v1/entities/urn:ngsi-ld:Building:3009ef20-9f62-41f5-bd66-92f041b428b9",
        "Cache-Control": "no-cache, no-store, max-age=0, must-revalidate",
        "Pragma": "no-cache",
        "Expires": "0",
        "X-Content-Type-Options": "nosniff",
        "X-Frame-Options": "DENY",
        "X-XSS-Protection": "1 ; mode=block",
        "Referrer-Policy": "no-referrer",
        "Strict-Transport-Security": "max-age=31536000"
    }
}</msg>
<status status="PASS" starttime="20200925 13:50:54.176" endtime="20200925 13:50:54.182"></status>
</kw>
<kw name="Set Test Variable" library="BuiltIn">
<doc>Makes a variable available everywhere within the scope of the current test.</doc>
<arguments>
<arg>${response}</arg>
</arguments>
<msg timestamp="20200925 13:50:54.187" level="INFO">${response} = {'seconds': 0.7107, 'status': 201, 'body': '', 'headers': {'Server': 'nginx/1.14.2', 'Date': 'Fri, 25 Sep 2020 12:50:54 GMT', 'Content-Length': '0', 'Connection': 'keep-alive', 'Location': '/ngsi-ld/v...</msg>
<status status="PASS" starttime="20200925 13:50:54.183" endtime="20200925 13:50:54.188"></status>
</kw>
<status status="PASS" starttime="20200925 13:50:53.432" endtime="20200925 13:50:54.189"></status>
</kw>
<kw name="Check HTTP Status Code Is">
<arguments>
<arg>201</arg>
</arguments>
<kw name="Convert To String" library="BuiltIn">
<doc>Converts the given item to a Unicode string.</doc>
<arguments>
<arg>${response['status']}</arg>
</arguments>
<assign>
<var>${response_status}</var>
</assign>
<msg timestamp="20200925 13:50:54.195" level="INFO">${response_status} = 201</msg>
<status status="PASS" starttime="20200925 13:50:54.192" endtime="20200925 13:50:54.195"></status>
</kw>
<kw name="Should Be Equal" library="BuiltIn">
<doc>Fails if the given objects are unequal.</doc>
<arguments>
<arg>${response_status}</arg>
<arg>${status}</arg>
</arguments>
<status status="PASS" starttime="20200925 13:50:54.196" endtime="20200925 13:50:54.199"></status>
</kw>
<status status="PASS" starttime="20200925 13:50:54.189" endtime="20200925 13:50:54.201"></status>
</kw>
<kw name="Delete Entity by Id">
<arguments>
<arg>${id}</arg>
</arguments>
<kw name="Create Dictionary" library="BuiltIn">
<doc>Creates and returns a dictionary based on the given ``items``.</doc>
<arguments>
<arg>authorization=Bearer ${token}</arg>
</arguments>
<assign>
<var>&amp;{headers}</var>
</assign>
<msg timestamp="20200925 13:50:54.210" level="INFO">&amp;{headers} = { authorization=Bearer eyJhbGciOiJSUzI1NiIsInR5cCIgOiAiSldUIiwia2lkIiA6ICJIS0xvcnlIcDN6VHlOY0EtNWYwQ19iVC1hbm5ldDFLSUhFT0U1VnN1NjRrIn0.eyJleHAiOjE2MDE4OTk1ODQsImlhdCI6MTYwMTAzNTU4NCwianRpIjoiMWM1OWM1Z...</msg>
<status status="PASS" starttime="20200925 13:50:54.206" endtime="20200925 13:50:54.210"></status>
</kw>
<kw name="Delete" library="REST">
<tags>
<tag>http</tag>
</tags>
<doc>*Sends a DELETE request to the endpoint.*</doc>
<arguments>
<arg>${endpoint}/${id}</arg>
<arg>headers=${headers}</arg>
</arguments>
<assign>
<var>${response}</var>
</assign>
<msg timestamp="20200925 13:50:54.595" level="INFO">${response} = {'seconds': 0.359526, 'status': 204, 'body': '', 'headers': {'Server': 'nginx/1.14.2', 'Date': 'Fri, 25 Sep 2020 12:50:54 GMT', 'Connection': 'keep-alive', 'Cache-Control': 'no-cache, no-store, max-ag...</msg>
<status status="PASS" starttime="20200925 13:50:54.211" endtime="20200925 13:50:54.595"></status>
</kw>
<kw name="Output" library="REST">
<tags>
<tag>I/O</tag>
</tags>
<doc>*Outputs JSON to terminal or a file.*</doc>
<arguments>
<arg>request</arg>
</arguments>
<msg timestamp="20200925 13:50:54.598" level="INFO">
{
    "method": "DELETE",
    "url": "https://stellio-dev.eglobalmark.com/ngsi-ld/v1/entities/urn:ngsi-ld:Building:3009ef20-9f62-41f5-bd66-92f041b428b9",
    "scheme": "https",
    "netloc": "stellio-dev.eglobalmark.com",
    "path": "/ngsi-ld/v1/entities/urn:ngsi-ld:Building:3009ef20-9f62-41f5-bd66-92f041b428b9",
    "query": {},
    "body": null,
    "headers": {
        "Accept": "application/json, */*",
        "Content-Type": "application/json",
        "User-Agent": "RESTinstance/1.0.2",
        "authorization": "Bearer eyJhbGciOiJSUzI1NiIsInR5cCIgOiAiSldUIiwia2lkIiA6ICJIS0xvcnlIcDN6VHlOY0EtNWYwQ19iVC1hbm5ldDFLSUhFT0U1VnN1NjRrIn0.eyJleHAiOjE2MDE4OTk1ODQsImlhdCI6MTYwMTAzNTU4NCwianRpIjoiMWM1OWM1ZGEtOTJiYy00YzlmLThjNzAtNmJjYjllMTVhNWE1IiwiaXNzIjoiaHR0cHM6Ly9zc28uZWdsb2JhbG1hcmsuY29tL2F1dGgvcmVhbG1zL3N0ZWxsaW8tZGV2IiwiYXVkIjoiYWNjb3VudCIsInN1YiI6ImYzZmVlOWFkLWI3NzItNDFmMy05ZmVmLTNhODIxODI3OTUwMyIsInR5cCI6IkJlYXJlciIsImF6cCI6InR0Zi1jaW0tdWJpd2hlcmUiLCJzZXNzaW9uX3N0YXRlIjoiNDE0OWMwNzctNjMyOS00ODEzLTg1ZmItZGIwYTU1OGI5ZDcyIiwiYWNyIjoiMSIsInJlYWxtX2FjY2VzcyI6eyJyb2xlcyI6WyJzdGVsbGlvLWNyZWF0b3IiLCJvZmZsaW5lX2FjY2VzcyIsInVtYV9hdXRob3JpemF0aW9uIl19LCJyZXNvdXJjZV9hY2Nlc3MiOnsidHRmLWNpbS11Yml3aGVyZSI6eyJyb2xlcyI6WyJ1bWFfcHJvdGVjdGlvbiJdfSwiYWNjb3VudCI6eyJyb2xlcyI6WyJtYW5hZ2UtYWNjb3VudCIsIm1hbmFnZS1hY2NvdW50LWxpbmtzIiwidmlldy1wcm9maWxlIl19fSwic2NvcGUiOiJwcm9maWxlIGVtYWlsIiwiZW1haWxfdmVyaWZpZWQiOmZhbHNlLCJjbGllbnRJZCI6InR0Zi1jaW0tdWJpd2hlcmUiLCJjbGllbnRIb3N0IjoiMTAuNS4xLjEiLCJwcmVmZXJyZWRfdXNlcm5hbWUiOiJzZXJ2aWNlLWFjY291bnQtdHRmLWNpbS11Yml3aGVyZSIsImNsaWVudEFkZHJlc3MiOiIxMC41LjEuMSJ9.hVeuUUmH7jJ6h1Bj6voYzaE-513JMU5VNnjU5Fm1oQWkz2b9jElofSE_PB--JAVdk54hGuS9U_rD68Xwg-YHxkNeaGPyhZYXuiEwu9R7l4EApKDgqabNM_o_KO-jZjXlVLarym8Kz4Ucfp3F4AJ2DnLGKFhAUV4poTZV4s8LVXXboSHBFqRpKICPP_NkGwUxflDHwLi1Di5gEFU4EnFDJq5snSEug9YPlmHFyhXAFajqa25DFc1Qd2PwqIVBn37NTFhqq_vn8QeJZj3XS8kn2A_WrwggqnXWpoWUp_rXFLEs8kYlhibBGwDLImQlP1KUmMASCn9dwnCUzcWzPInRzQ"
    },
    "proxies": {},
    "timeout": [
        null,
        null
    ],
    "cert": null,
    "sslVerify": true,
    "allowRedirects": true,
    "timestamp": {
        "utc": "2020-09-25T12:50:54.591366+00:00",
        "local": "2020-09-25T13:50:54.591366+01:00"
    }
}</msg>
<status status="PASS" starttime="20200925 13:50:54.595" endtime="20200925 13:50:54.607"></status>
</kw>
<kw name="Output" library="REST">
<tags>
<tag>I/O</tag>
</tags>
<doc>*Outputs JSON to terminal or a file.*</doc>
<arguments>
<arg>response</arg>
</arguments>
<msg timestamp="20200925 13:50:54.611" level="INFO">
{
    "seconds": 0.359526,
    "status": 204,
    "body": "",
    "headers": {
        "Server": "nginx/1.14.2",
        "Date": "Fri, 25 Sep 2020 12:50:54 GMT",
        "Connection": "keep-alive",
        "Cache-Control": "no-cache, no-store, max-age=0, must-revalidate",
        "Pragma": "no-cache",
        "Expires": "0",
        "X-Content-Type-Options": "nosniff",
        "X-Frame-Options": "DENY",
        "X-XSS-Protection": "1 ; mode=block",
        "Referrer-Policy": "no-referrer",
        "Strict-Transport-Security": "max-age=31536000"
    }
}</msg>
<status status="PASS" starttime="20200925 13:50:54.609" endtime="20200925 13:50:54.616"></status>
</kw>
<status status="PASS" starttime="20200925 13:50:54.201" endtime="20200925 13:50:54.618"></status>
</kw>
<status status="PASS" starttime="20200925 13:50:53.429" endtime="20200925 13:50:54.619"></status>
</kw>
<status status="PASS" starttime="20200925 13:50:53.427" endtime="20200925 13:50:54.621" critical="yes"></status>
</test>
<test id="s1-s1-s1-s1-s1-s1-s1-s2-t2" name="SuccessCases_EntityWithSimpleProperties">
<kw name="Create Entity Scenarios">
<arguments>
<arg>building-simple-attributes.jsonld</arg>
</arguments>
<kw name="Create Entity">
<arguments>
<arg>${filename}</arg>
</arguments>
<kw name="Create Dictionary" library="BuiltIn">
<doc>Creates and returns a dictionary based on the given ``items``.</doc>
<arguments>
<arg>Content-Type=application/ld+json</arg>
<arg>authorization=Bearer ${token}</arg>
</arguments>
<assign>
<var>&amp;{headers}</var>
</assign>
<msg timestamp="20200925 13:50:54.634" level="INFO">&amp;{headers} = { Content-Type=application/ld+json | authorization=Bearer eyJhbGciOiJSUzI1NiIsInR5cCIgOiAiSldUIiwia2lkIiA6ICJIS0xvcnlIcDN6VHlOY0EtNWYwQ19iVC1hbm5ldDFLSUhFT0U1VnN1NjRrIn0.eyJleHAiOjE2MDE4OTk1ODQsImlhdC...</msg>
<status status="PASS" starttime="20200925 13:50:54.630" endtime="20200925 13:50:54.635"></status>
</kw>
<kw name="Post" library="REST">
<tags>
<tag>http</tag>
</tags>
<doc>*Sends a POST request to the endpoint.*</doc>
<arguments>
<arg>${endpoint}</arg>
<arg>body=/home/poliveira/git/isg-cim-tpdl-demo/TP/NGSI-LD/ContextInformation/Provision/Entities/CreateEntity/data/${filename}</arg>
<arg>headers=${headers}</arg>
</arguments>
<assign>
<var>${response}</var>
</assign>
<msg timestamp="20200925 13:50:55.467" level="INFO">${response} = {'seconds': 0.805437, 'status': 201, 'body': '', 'headers': {'Server': 'nginx/1.14.2', 'Date': 'Fri, 25 Sep 2020 12:50:55 GMT', 'Content-Length': '0', 'Connection': 'keep-alive', 'Location': '/ngsi-ld...</msg>
<status status="PASS" starttime="20200925 13:50:54.636" endtime="20200925 13:50:55.467"></status>
</kw>
<kw name="Output" library="REST">
<tags>
<tag>I/O</tag>
</tags>
<doc>*Outputs JSON to terminal or a file.*</doc>
<arguments>
<arg>request</arg>
</arguments>
<msg timestamp="20200925 13:50:55.470" level="INFO">
{
    "method": "POST",
    "url": "https://stellio-dev.eglobalmark.com/ngsi-ld/v1/entities",
    "scheme": "https",
    "netloc": "stellio-dev.eglobalmark.com",
    "path": "/ngsi-ld/v1/entities",
    "query": {},
    "body": {
        "id": "urn:ngsi-ld:Building:3009ef20-9f62-41f5-bd66-92f041b428b9",
        "type": "Building",
        "name": {
            "type": "Property",
            "value": "Eiffel Tower"
        },
        "subCategory": {
            "type": "Property",
            "value": [
                "tourism"
            ]
        },
        "airQualityLevel": {
            "type": "Property",
            "value": 4,
            "unitCode": "C62",
            "observedAt": "2020-09-09T16:40:00.000Z"
        },
        "almostFull": {
            "type": "Property",
            "value": false
        },
        "@context": [
            "https://fiware.github.io/data-models/context.jsonld",
            "https://uri.etsi.org/ngsi-ld/v1/ngsi-ld-core-context.jsonld"
        ]
    },
    "headers": {
        "Accept": "application/json, */*",
        "Content-Type": "application/ld+json",
        "User-Agent": "RESTinstance/1.0.2",
        "authorization": "Bearer eyJhbGciOiJSUzI1NiIsInR5cCIgOiAiSldUIiwia2lkIiA6ICJIS0xvcnlIcDN6VHlOY0EtNWYwQ19iVC1hbm5ldDFLSUhFT0U1VnN1NjRrIn0.eyJleHAiOjE2MDE4OTk1ODQsImlhdCI6MTYwMTAzNTU4NCwianRpIjoiMWM1OWM1ZGEtOTJiYy00YzlmLThjNzAtNmJjYjllMTVhNWE1IiwiaXNzIjoiaHR0cHM6Ly9zc28uZWdsb2JhbG1hcmsuY29tL2F1dGgvcmVhbG1zL3N0ZWxsaW8tZGV2IiwiYXVkIjoiYWNjb3VudCIsInN1YiI6ImYzZmVlOWFkLWI3NzItNDFmMy05ZmVmLTNhODIxODI3OTUwMyIsInR5cCI6IkJlYXJlciIsImF6cCI6InR0Zi1jaW0tdWJpd2hlcmUiLCJzZXNzaW9uX3N0YXRlIjoiNDE0OWMwNzctNjMyOS00ODEzLTg1ZmItZGIwYTU1OGI5ZDcyIiwiYWNyIjoiMSIsInJlYWxtX2FjY2VzcyI6eyJyb2xlcyI6WyJzdGVsbGlvLWNyZWF0b3IiLCJvZmZsaW5lX2FjY2VzcyIsInVtYV9hdXRob3JpemF0aW9uIl19LCJyZXNvdXJjZV9hY2Nlc3MiOnsidHRmLWNpbS11Yml3aGVyZSI6eyJyb2xlcyI6WyJ1bWFfcHJvdGVjdGlvbiJdfSwiYWNjb3VudCI6eyJyb2xlcyI6WyJtYW5hZ2UtYWNjb3VudCIsIm1hbmFnZS1hY2NvdW50LWxpbmtzIiwidmlldy1wcm9maWxlIl19fSwic2NvcGUiOiJwcm9maWxlIGVtYWlsIiwiZW1haWxfdmVyaWZpZWQiOmZhbHNlLCJjbGllbnRJZCI6InR0Zi1jaW0tdWJpd2hlcmUiLCJjbGllbnRIb3N0IjoiMTAuNS4xLjEiLCJwcmVmZXJyZWRfdXNlcm5hbWUiOiJzZXJ2aWNlLWFjY291bnQtdHRmLWNpbS11Yml3aGVyZSIsImNsaWVudEFkZHJlc3MiOiIxMC41LjEuMSJ9.hVeuUUmH7jJ6h1Bj6voYzaE-513JMU5VNnjU5Fm1oQWkz2b9jElofSE_PB--JAVdk54hGuS9U_rD68Xwg-YHxkNeaGPyhZYXuiEwu9R7l4EApKDgqabNM_o_KO-jZjXlVLarym8Kz4Ucfp3F4AJ2DnLGKFhAUV4poTZV4s8LVXXboSHBFqRpKICPP_NkGwUxflDHwLi1Di5gEFU4EnFDJq5snSEug9YPlmHFyhXAFajqa25DFc1Qd2PwqIVBn37NTFhqq_vn8QeJZj3XS8kn2A_WrwggqnXWpoWUp_rXFLEs8kYlhibBGwDLImQlP1KUmMASCn9dwnCUzcWzPInRzQ"
    },
    "proxies": {},
    "timeout": [
        null,
        null
    ],
    "cert": null,
    "sslVerify": true,
    "allowRedirects": true,
    "timestamp": {
        "utc": "2020-09-25T12:50:55.461312+00:00",
        "local": "2020-09-25T13:50:55.461312+01:00"
    }
}</msg>
<status status="PASS" starttime="20200925 13:50:55.468" endtime="20200925 13:50:55.476"></status>
</kw>
<kw name="Output" library="REST">
<tags>
<tag>I/O</tag>
</tags>
<doc>*Outputs JSON to terminal or a file.*</doc>
<arguments>
<arg>response</arg>
</arguments>
<msg timestamp="20200925 13:50:55.478" level="INFO">
{
    "seconds": 0.805437,
    "status": 201,
    "body": "",
    "headers": {
        "Server": "nginx/1.14.2",
        "Date": "Fri, 25 Sep 2020 12:50:55 GMT",
        "Content-Length": "0",
        "Connection": "keep-alive",
        "Location": "/ngsi-ld/v1/entities/urn:ngsi-ld:Building:3009ef20-9f62-41f5-bd66-92f041b428b9",
        "Cache-Control": "no-cache, no-store, max-age=0, must-revalidate",
        "Pragma": "no-cache",
        "Expires": "0",
        "X-Content-Type-Options": "nosniff",
        "X-Frame-Options": "DENY",
        "X-XSS-Protection": "1 ; mode=block",
        "Referrer-Policy": "no-referrer",
        "Strict-Transport-Security": "max-age=31536000"
    }
}</msg>
<status status="PASS" starttime="20200925 13:50:55.477" endtime="20200925 13:50:55.485"></status>
</kw>
<kw name="Set Test Variable" library="BuiltIn">
<doc>Makes a variable available everywhere within the scope of the current test.</doc>
<arguments>
<arg>${response}</arg>
</arguments>
<msg timestamp="20200925 13:50:55.489" level="INFO">${response} = {'seconds': 0.805437, 'status': 201, 'body': '', 'headers': {'Server': 'nginx/1.14.2', 'Date': 'Fri, 25 Sep 2020 12:50:55 GMT', 'Content-Length': '0', 'Connection': 'keep-alive', 'Location': '/ngsi-ld...</msg>
<status status="PASS" starttime="20200925 13:50:55.485" endtime="20200925 13:50:55.490"></status>
</kw>
<status status="PASS" starttime="20200925 13:50:54.627" endtime="20200925 13:50:55.491"></status>
</kw>
<kw name="Check HTTP Status Code Is">
<arguments>
<arg>201</arg>
</arguments>
<kw name="Convert To String" library="BuiltIn">
<doc>Converts the given item to a Unicode string.</doc>
<arguments>
<arg>${response['status']}</arg>
</arguments>
<assign>
<var>${response_status}</var>
</assign>
<msg timestamp="20200925 13:50:55.495" level="INFO">${response_status} = 201</msg>
<status status="PASS" starttime="20200925 13:50:55.493" endtime="20200925 13:50:55.495"></status>
</kw>
<kw name="Should Be Equal" library="BuiltIn">
<doc>Fails if the given objects are unequal.</doc>
<arguments>
<arg>${response_status}</arg>
<arg>${status}</arg>
</arguments>
<status status="PASS" starttime="20200925 13:50:55.495" endtime="20200925 13:50:55.497"></status>
</kw>
<status status="PASS" starttime="20200925 13:50:55.491" endtime="20200925 13:50:55.498"></status>
</kw>
<kw name="Delete Entity by Id">
<arguments>
<arg>${id}</arg>
</arguments>
<kw name="Create Dictionary" library="BuiltIn">
<doc>Creates and returns a dictionary based on the given ``items``.</doc>
<arguments>
<arg>authorization=Bearer ${token}</arg>
</arguments>
<assign>
<var>&amp;{headers}</var>
</assign>
<msg timestamp="20200925 13:50:55.502" level="INFO">&amp;{headers} = { authorization=Bearer eyJhbGciOiJSUzI1NiIsInR5cCIgOiAiSldUIiwia2lkIiA6ICJIS0xvcnlIcDN6VHlOY0EtNWYwQ19iVC1hbm5ldDFLSUhFT0U1VnN1NjRrIn0.eyJleHAiOjE2MDE4OTk1ODQsImlhdCI6MTYwMTAzNTU4NCwianRpIjoiMWM1OWM1Z...</msg>
<status status="PASS" starttime="20200925 13:50:55.500" endtime="20200925 13:50:55.502"></status>
</kw>
<kw name="Delete" library="REST">
<tags>
<tag>http</tag>
</tags>
<doc>*Sends a DELETE request to the endpoint.*</doc>
<arguments>
<arg>${endpoint}/${id}</arg>
<arg>headers=${headers}</arg>
</arguments>
<assign>
<var>${response}</var>
</assign>
<msg timestamp="20200925 13:50:55.866" level="INFO">${response} = {'seconds': 0.349996, 'status': 204, 'body': '', 'headers': {'Server': 'nginx/1.14.2', 'Date': 'Fri, 25 Sep 2020 12:50:55 GMT', 'Connection': 'keep-alive', 'Cache-Control': 'no-cache, no-store, max-ag...</msg>
<status status="PASS" starttime="20200925 13:50:55.503" endtime="20200925 13:50:55.867"></status>
</kw>
<kw name="Output" library="REST">
<tags>
<tag>I/O</tag>
</tags>
<doc>*Outputs JSON to terminal or a file.*</doc>
<arguments>
<arg>request</arg>
</arguments>
<msg timestamp="20200925 13:50:55.869" level="INFO">
{
    "method": "DELETE",
    "url": "https://stellio-dev.eglobalmark.com/ngsi-ld/v1/entities/urn:ngsi-ld:Building:3009ef20-9f62-41f5-bd66-92f041b428b9",
    "scheme": "https",
    "netloc": "stellio-dev.eglobalmark.com",
    "path": "/ngsi-ld/v1/entities/urn:ngsi-ld:Building:3009ef20-9f62-41f5-bd66-92f041b428b9",
    "query": {},
    "body": null,
    "headers": {
        "Accept": "application/json, */*",
        "Content-Type": "application/json",
        "User-Agent": "RESTinstance/1.0.2",
        "authorization": "Bearer eyJhbGciOiJSUzI1NiIsInR5cCIgOiAiSldUIiwia2lkIiA6ICJIS0xvcnlIcDN6VHlOY0EtNWYwQ19iVC1hbm5ldDFLSUhFT0U1VnN1NjRrIn0.eyJleHAiOjE2MDE4OTk1ODQsImlhdCI6MTYwMTAzNTU4NCwianRpIjoiMWM1OWM1ZGEtOTJiYy00YzlmLThjNzAtNmJjYjllMTVhNWE1IiwiaXNzIjoiaHR0cHM6Ly9zc28uZWdsb2JhbG1hcmsuY29tL2F1dGgvcmVhbG1zL3N0ZWxsaW8tZGV2IiwiYXVkIjoiYWNjb3VudCIsInN1YiI6ImYzZmVlOWFkLWI3NzItNDFmMy05ZmVmLTNhODIxODI3OTUwMyIsInR5cCI6IkJlYXJlciIsImF6cCI6InR0Zi1jaW0tdWJpd2hlcmUiLCJzZXNzaW9uX3N0YXRlIjoiNDE0OWMwNzctNjMyOS00ODEzLTg1ZmItZGIwYTU1OGI5ZDcyIiwiYWNyIjoiMSIsInJlYWxtX2FjY2VzcyI6eyJyb2xlcyI6WyJzdGVsbGlvLWNyZWF0b3IiLCJvZmZsaW5lX2FjY2VzcyIsInVtYV9hdXRob3JpemF0aW9uIl19LCJyZXNvdXJjZV9hY2Nlc3MiOnsidHRmLWNpbS11Yml3aGVyZSI6eyJyb2xlcyI6WyJ1bWFfcHJvdGVjdGlvbiJdfSwiYWNjb3VudCI6eyJyb2xlcyI6WyJtYW5hZ2UtYWNjb3VudCIsIm1hbmFnZS1hY2NvdW50LWxpbmtzIiwidmlldy1wcm9maWxlIl19fSwic2NvcGUiOiJwcm9maWxlIGVtYWlsIiwiZW1haWxfdmVyaWZpZWQiOmZhbHNlLCJjbGllbnRJZCI6InR0Zi1jaW0tdWJpd2hlcmUiLCJjbGllbnRIb3N0IjoiMTAuNS4xLjEiLCJwcmVmZXJyZWRfdXNlcm5hbWUiOiJzZXJ2aWNlLWFjY291bnQtdHRmLWNpbS11Yml3aGVyZSIsImNsaWVudEFkZHJlc3MiOiIxMC41LjEuMSJ9.hVeuUUmH7jJ6h1Bj6voYzaE-513JMU5VNnjU5Fm1oQWkz2b9jElofSE_PB--JAVdk54hGuS9U_rD68Xwg-YHxkNeaGPyhZYXuiEwu9R7l4EApKDgqabNM_o_KO-jZjXlVLarym8Kz4Ucfp3F4AJ2DnLGKFhAUV4poTZV4s8LVXXboSHBFqRpKICPP_NkGwUxflDHwLi1Di5gEFU4EnFDJq5snSEug9YPlmHFyhXAFajqa25DFc1Qd2PwqIVBn37NTFhqq_vn8QeJZj3XS8kn2A_WrwggqnXWpoWUp_rXFLEs8kYlhibBGwDLImQlP1KUmMASCn9dwnCUzcWzPInRzQ"
    },
    "proxies": {},
    "timeout": [
        null,
        null
    ],
    "cert": null,
    "sslVerify": true,
    "allowRedirects": true,
    "timestamp": {
        "utc": "2020-09-25T12:50:55.862031+00:00",
        "local": "2020-09-25T13:50:55.862031+01:00"
    }
}</msg>
<status status="PASS" starttime="20200925 13:50:55.868" endtime="20200925 13:50:55.874"></status>
</kw>
<kw name="Output" library="REST">
<tags>
<tag>I/O</tag>
</tags>
<doc>*Outputs JSON to terminal or a file.*</doc>
<arguments>
<arg>response</arg>
</arguments>
<msg timestamp="20200925 13:50:55.876" level="INFO">
{
    "seconds": 0.349996,
    "status": 204,
    "body": "",
    "headers": {
        "Server": "nginx/1.14.2",
        "Date": "Fri, 25 Sep 2020 12:50:55 GMT",
        "Connection": "keep-alive",
        "Cache-Control": "no-cache, no-store, max-age=0, must-revalidate",
        "Pragma": "no-cache",
        "Expires": "0",
        "X-Content-Type-Options": "nosniff",
        "X-Frame-Options": "DENY",
        "X-XSS-Protection": "1 ; mode=block",
        "Referrer-Policy": "no-referrer",
        "Strict-Transport-Security": "max-age=31536000"
    }
}</msg>
<status status="PASS" starttime="20200925 13:50:55.875" endtime="20200925 13:50:55.883"></status>
</kw>
<status status="PASS" starttime="20200925 13:50:55.498" endtime="20200925 13:50:55.885"></status>
</kw>
<status status="PASS" starttime="20200925 13:50:54.625" endtime="20200925 13:50:55.887"></status>
</kw>
<status status="PASS" starttime="20200925 13:50:54.623" endtime="20200925 13:50:55.888" critical="yes"></status>
</test>
<doc>Check that the IUT accepts the creation of an entity</doc>
<status status="PASS" starttime="20200925 13:50:53.393" endtime="20200925 13:50:55.893"></status>
</suite>
<suite id="s1-s1-s1-s1-s1-s1-s1-s3" name="SuccessCases" source="/home/poliveira/git/isg-cim-tpdl-demo/TP/NGSI-LD/ContextInformation/Provision/Entities/CreateEntity/SuccessCases.robot">
<test id="s1-s1-s1-s1-s1-s1-s1-s3-t1" name="SuccessCases_MinimalEntity">
<kw name="Create Entity">
<arguments>
<arg>building-minimal.jsonld</arg>
</arguments>
<kw name="Create Dictionary" library="BuiltIn">
<doc>Creates and returns a dictionary based on the given ``items``.</doc>
<arguments>
<arg>Content-Type=application/ld+json</arg>
<arg>authorization=Bearer ${token}</arg>
</arguments>
<assign>
<var>&amp;{headers}</var>
</assign>
<msg timestamp="20200925 13:50:55.951" level="INFO">&amp;{headers} = { Content-Type=application/ld+json | authorization=Bearer eyJhbGciOiJSUzI1NiIsInR5cCIgOiAiSldUIiwia2lkIiA6ICJIS0xvcnlIcDN6VHlOY0EtNWYwQ19iVC1hbm5ldDFLSUhFT0U1VnN1NjRrIn0.eyJleHAiOjE2MDE4OTk1ODQsImlhdC...</msg>
<status status="PASS" starttime="20200925 13:50:55.949" endtime="20200925 13:50:55.951"></status>
</kw>
<kw name="Post" library="REST">
<tags>
<tag>http</tag>
</tags>
<doc>*Sends a POST request to the endpoint.*</doc>
<arguments>
<arg>${endpoint}</arg>
<arg>body=/home/poliveira/git/isg-cim-tpdl-demo/TP/NGSI-LD/ContextInformation/Provision/Entities/CreateEntity/data/${filename}</arg>
<arg>headers=${headers}</arg>
</arguments>
<assign>
<var>${response}</var>
</assign>
<msg timestamp="20200925 13:50:56.592" level="INFO">${response} = {'seconds': 0.6256670000000001, 'status': 201, 'body': '', 'headers': {'Server': 'nginx/1.14.2', 'Date': 'Fri, 25 Sep 2020 12:50:56 GMT', 'Content-Length': '0', 'Connection': 'keep-alive', 'Location':...</msg>
<status status="PASS" starttime="20200925 13:50:55.952" endtime="20200925 13:50:56.592"></status>
</kw>
<kw name="Output" library="REST">
<tags>
<tag>I/O</tag>
</tags>
<doc>*Outputs JSON to terminal or a file.*</doc>
<arguments>
<arg>request</arg>
</arguments>
<msg timestamp="20200925 13:50:56.594" level="INFO">
{
    "method": "POST",
    "url": "https://stellio-dev.eglobalmark.com/ngsi-ld/v1/entities",
    "scheme": "https",
    "netloc": "stellio-dev.eglobalmark.com",
    "path": "/ngsi-ld/v1/entities",
    "query": {},
    "body": {
        "id": "urn:ngsi-ld:Building:3009ef20-9f62-41f5-bd66-92f041b428b9",
        "type": "Building",
        "@context": [
            "https://fiware.github.io/data-models/context.jsonld",
            "https://uri.etsi.org/ngsi-ld/v1/ngsi-ld-core-context.jsonld"
        ]
    },
    "headers": {
        "Accept": "application/json, */*",
        "Content-Type": "application/ld+json",
        "User-Agent": "RESTinstance/1.0.2",
        "authorization": "Bearer eyJhbGciOiJSUzI1NiIsInR5cCIgOiAiSldUIiwia2lkIiA6ICJIS0xvcnlIcDN6VHlOY0EtNWYwQ19iVC1hbm5ldDFLSUhFT0U1VnN1NjRrIn0.eyJleHAiOjE2MDE4OTk1ODQsImlhdCI6MTYwMTAzNTU4NCwianRpIjoiMWM1OWM1ZGEtOTJiYy00YzlmLThjNzAtNmJjYjllMTVhNWE1IiwiaXNzIjoiaHR0cHM6Ly9zc28uZWdsb2JhbG1hcmsuY29tL2F1dGgvcmVhbG1zL3N0ZWxsaW8tZGV2IiwiYXVkIjoiYWNjb3VudCIsInN1YiI6ImYzZmVlOWFkLWI3NzItNDFmMy05ZmVmLTNhODIxODI3OTUwMyIsInR5cCI6IkJlYXJlciIsImF6cCI6InR0Zi1jaW0tdWJpd2hlcmUiLCJzZXNzaW9uX3N0YXRlIjoiNDE0OWMwNzctNjMyOS00ODEzLTg1ZmItZGIwYTU1OGI5ZDcyIiwiYWNyIjoiMSIsInJlYWxtX2FjY2VzcyI6eyJyb2xlcyI6WyJzdGVsbGlvLWNyZWF0b3IiLCJvZmZsaW5lX2FjY2VzcyIsInVtYV9hdXRob3JpemF0aW9uIl19LCJyZXNvdXJjZV9hY2Nlc3MiOnsidHRmLWNpbS11Yml3aGVyZSI6eyJyb2xlcyI6WyJ1bWFfcHJvdGVjdGlvbiJdfSwiYWNjb3VudCI6eyJyb2xlcyI6WyJtYW5hZ2UtYWNjb3VudCIsIm1hbmFnZS1hY2NvdW50LWxpbmtzIiwidmlldy1wcm9maWxlIl19fSwic2NvcGUiOiJwcm9maWxlIGVtYWlsIiwiZW1haWxfdmVyaWZpZWQiOmZhbHNlLCJjbGllbnRJZCI6InR0Zi1jaW0tdWJpd2hlcmUiLCJjbGllbnRIb3N0IjoiMTAuNS4xLjEiLCJwcmVmZXJyZWRfdXNlcm5hbWUiOiJzZXJ2aWNlLWFjY291bnQtdHRmLWNpbS11Yml3aGVyZSIsImNsaWVudEFkZHJlc3MiOiIxMC41LjEuMSJ9.hVeuUUmH7jJ6h1Bj6voYzaE-513JMU5VNnjU5Fm1oQWkz2b9jElofSE_PB--JAVdk54hGuS9U_rD68Xwg-YHxkNeaGPyhZYXuiEwu9R7l4EApKDgqabNM_o_KO-jZjXlVLarym8Kz4Ucfp3F4AJ2DnLGKFhAUV4poTZV4s8LVXXboSHBFqRpKICPP_NkGwUxflDHwLi1Di5gEFU4EnFDJq5snSEug9YPlmHFyhXAFajqa25DFc1Qd2PwqIVBn37NTFhqq_vn8QeJZj3XS8kn2A_WrwggqnXWpoWUp_rXFLEs8kYlhibBGwDLImQlP1KUmMASCn9dwnCUzcWzPInRzQ"
    },
    "proxies": {},
    "timeout": [
        null,
        null
    ],
    "cert": null,
    "sslVerify": true,
    "allowRedirects": true,
    "timestamp": {
        "utc": "2020-09-25T12:50:56.588451+00:00",
        "local": "2020-09-25T13:50:56.588451+01:00"
    }
}</msg>
<status status="PASS" starttime="20200925 13:50:56.593" endtime="20200925 13:50:56.599"></status>
</kw>
<kw name="Output" library="REST">
<tags>
<tag>I/O</tag>
</tags>
<doc>*Outputs JSON to terminal or a file.*</doc>
<arguments>
<arg>response</arg>
</arguments>
<msg timestamp="20200925 13:50:56.601" level="INFO">
{
    "seconds": 0.6256670000000001,
    "status": 201,
    "body": "",
    "headers": {
        "Server": "nginx/1.14.2",
        "Date": "Fri, 25 Sep 2020 12:50:56 GMT",
        "Content-Length": "0",
        "Connection": "keep-alive",
        "Location": "/ngsi-ld/v1/entities/urn:ngsi-ld:Building:3009ef20-9f62-41f5-bd66-92f041b428b9",
        "Cache-Control": "no-cache, no-store, max-age=0, must-revalidate",
        "Pragma": "no-cache",
        "Expires": "0",
        "X-Content-Type-Options": "nosniff",
        "X-Frame-Options": "DENY",
        "X-XSS-Protection": "1 ; mode=block",
        "Referrer-Policy": "no-referrer",
        "Strict-Transport-Security": "max-age=31536000"
    }
}</msg>
<status status="PASS" starttime="20200925 13:50:56.600" endtime="20200925 13:50:56.604"></status>
</kw>
<kw name="Set Test Variable" library="BuiltIn">
<doc>Makes a variable available everywhere within the scope of the current test.</doc>
<arguments>
<arg>${response}</arg>
</arguments>
<msg timestamp="20200925 13:50:56.606" level="INFO">${response} = {'seconds': 0.6256670000000001, 'status': 201, 'body': '', 'headers': {'Server': 'nginx/1.14.2', 'Date': 'Fri, 25 Sep 2020 12:50:56 GMT', 'Content-Length': '0', 'Connection': 'keep-alive', 'Location':...</msg>
<status status="PASS" starttime="20200925 13:50:56.604" endtime="20200925 13:50:56.606"></status>
</kw>
<status status="PASS" starttime="20200925 13:50:55.945" endtime="20200925 13:50:56.606"></status>
</kw>
<kw name="Check HTTP Status Code Is">
<arguments>
<arg>201</arg>
</arguments>
<kw name="Convert To String" library="BuiltIn">
<doc>Converts the given item to a Unicode string.</doc>
<arguments>
<arg>${response['status']}</arg>
</arguments>
<assign>
<var>${response_status}</var>
</assign>
<msg timestamp="20200925 13:50:56.611" level="INFO">${response_status} = 201</msg>
<status status="PASS" starttime="20200925 13:50:56.609" endtime="20200925 13:50:56.611"></status>
</kw>
<kw name="Should Be Equal" library="BuiltIn">
<doc>Fails if the given objects are unequal.</doc>
<arguments>
<arg>${response_status}</arg>
<arg>${status}</arg>
</arguments>
<status status="PASS" starttime="20200925 13:50:56.611" endtime="20200925 13:50:56.613"></status>
</kw>
<status status="PASS" starttime="20200925 13:50:56.607" endtime="20200925 13:50:56.613"></status>
</kw>
<kw name="Delete Entity by Id">
<arguments>
<arg>${id}</arg>
</arguments>
<kw name="Create Dictionary" library="BuiltIn">
<doc>Creates and returns a dictionary based on the given ``items``.</doc>
<arguments>
<arg>authorization=Bearer ${token}</arg>
</arguments>
<assign>
<var>&amp;{headers}</var>
</assign>
<msg timestamp="20200925 13:50:56.620" level="INFO">&amp;{headers} = { authorization=Bearer eyJhbGciOiJSUzI1NiIsInR5cCIgOiAiSldUIiwia2lkIiA6ICJIS0xvcnlIcDN6VHlOY0EtNWYwQ19iVC1hbm5ldDFLSUhFT0U1VnN1NjRrIn0.eyJleHAiOjE2MDE4OTk1ODQsImlhdCI6MTYwMTAzNTU4NCwianRpIjoiMWM1OWM1Z...</msg>
<status status="PASS" starttime="20200925 13:50:56.617" endtime="20200925 13:50:56.621"></status>
</kw>
<kw name="Delete" library="REST">
<tags>
<tag>http</tag>
</tags>
<doc>*Sends a DELETE request to the endpoint.*</doc>
<arguments>
<arg>${endpoint}/${id}</arg>
<arg>headers=${headers}</arg>
</arguments>
<assign>
<var>${response}</var>
</assign>
<msg timestamp="20200925 13:50:56.979" level="INFO">${response} = {'seconds': 0.338409, 'status': 204, 'body': '', 'headers': {'Server': 'nginx/1.14.2', 'Date': 'Fri, 25 Sep 2020 12:50:56 GMT', 'Connection': 'keep-alive', 'Cache-Control': 'no-cache, no-store, max-ag...</msg>
<status status="PASS" starttime="20200925 13:50:56.622" endtime="20200925 13:50:56.979"></status>
</kw>
<kw name="Output" library="REST">
<tags>
<tag>I/O</tag>
</tags>
<doc>*Outputs JSON to terminal or a file.*</doc>
<arguments>
<arg>request</arg>
</arguments>
<msg timestamp="20200925 13:50:56.983" level="INFO">
{
    "method": "DELETE",
    "url": "https://stellio-dev.eglobalmark.com/ngsi-ld/v1/entities/urn:ngsi-ld:Building:3009ef20-9f62-41f5-bd66-92f041b428b9",
    "scheme": "https",
    "netloc": "stellio-dev.eglobalmark.com",
    "path": "/ngsi-ld/v1/entities/urn:ngsi-ld:Building:3009ef20-9f62-41f5-bd66-92f041b428b9",
    "query": {},
    "body": null,
    "headers": {
        "Accept": "application/json, */*",
        "Content-Type": "application/json",
        "User-Agent": "RESTinstance/1.0.2",
        "authorization": "Bearer eyJhbGciOiJSUzI1NiIsInR5cCIgOiAiSldUIiwia2lkIiA6ICJIS0xvcnlIcDN6VHlOY0EtNWYwQ19iVC1hbm5ldDFLSUhFT0U1VnN1NjRrIn0.eyJleHAiOjE2MDE4OTk1ODQsImlhdCI6MTYwMTAzNTU4NCwianRpIjoiMWM1OWM1ZGEtOTJiYy00YzlmLThjNzAtNmJjYjllMTVhNWE1IiwiaXNzIjoiaHR0cHM6Ly9zc28uZWdsb2JhbG1hcmsuY29tL2F1dGgvcmVhbG1zL3N0ZWxsaW8tZGV2IiwiYXVkIjoiYWNjb3VudCIsInN1YiI6ImYzZmVlOWFkLWI3NzItNDFmMy05ZmVmLTNhODIxODI3OTUwMyIsInR5cCI6IkJlYXJlciIsImF6cCI6InR0Zi1jaW0tdWJpd2hlcmUiLCJzZXNzaW9uX3N0YXRlIjoiNDE0OWMwNzctNjMyOS00ODEzLTg1ZmItZGIwYTU1OGI5ZDcyIiwiYWNyIjoiMSIsInJlYWxtX2FjY2VzcyI6eyJyb2xlcyI6WyJzdGVsbGlvLWNyZWF0b3IiLCJvZmZsaW5lX2FjY2VzcyIsInVtYV9hdXRob3JpemF0aW9uIl19LCJyZXNvdXJjZV9hY2Nlc3MiOnsidHRmLWNpbS11Yml3aGVyZSI6eyJyb2xlcyI6WyJ1bWFfcHJvdGVjdGlvbiJdfSwiYWNjb3VudCI6eyJyb2xlcyI6WyJtYW5hZ2UtYWNjb3VudCIsIm1hbmFnZS1hY2NvdW50LWxpbmtzIiwidmlldy1wcm9maWxlIl19fSwic2NvcGUiOiJwcm9maWxlIGVtYWlsIiwiZW1haWxfdmVyaWZpZWQiOmZhbHNlLCJjbGllbnRJZCI6InR0Zi1jaW0tdWJpd2hlcmUiLCJjbGllbnRIb3N0IjoiMTAuNS4xLjEiLCJwcmVmZXJyZWRfdXNlcm5hbWUiOiJzZXJ2aWNlLWFjY291bnQtdHRmLWNpbS11Yml3aGVyZSIsImNsaWVudEFkZHJlc3MiOiIxMC41LjEuMSJ9.hVeuUUmH7jJ6h1Bj6voYzaE-513JMU5VNnjU5Fm1oQWkz2b9jElofSE_PB--JAVdk54hGuS9U_rD68Xwg-YHxkNeaGPyhZYXuiEwu9R7l4EApKDgqabNM_o_KO-jZjXlVLarym8Kz4Ucfp3F4AJ2DnLGKFhAUV4poTZV4s8LVXXboSHBFqRpKICPP_NkGwUxflDHwLi1Di5gEFU4EnFDJq5snSEug9YPlmHFyhXAFajqa25DFc1Qd2PwqIVBn37NTFhqq_vn8QeJZj3XS8kn2A_WrwggqnXWpoWUp_rXFLEs8kYlhibBGwDLImQlP1KUmMASCn9dwnCUzcWzPInRzQ"
    },
    "proxies": {},
    "timeout": [
        null,
        null
    ],
    "cert": null,
    "sslVerify": true,
    "allowRedirects": true,
    "timestamp": {
        "utc": "2020-09-25T12:50:56.975523+00:00",
        "local": "2020-09-25T13:50:56.975523+01:00"
    }
}</msg>
<status status="PASS" starttime="20200925 13:50:56.981" endtime="20200925 13:50:56.988"></status>
</kw>
<kw name="Output" library="REST">
<tags>
<tag>I/O</tag>
</tags>
<doc>*Outputs JSON to terminal or a file.*</doc>
<arguments>
<arg>response</arg>
</arguments>
<msg timestamp="20200925 13:50:56.990" level="INFO">
{
    "seconds": 0.338409,
    "status": 204,
    "body": "",
    "headers": {
        "Server": "nginx/1.14.2",
        "Date": "Fri, 25 Sep 2020 12:50:56 GMT",
        "Connection": "keep-alive",
        "Cache-Control": "no-cache, no-store, max-age=0, must-revalidate",
        "Pragma": "no-cache",
        "Expires": "0",
        "X-Content-Type-Options": "nosniff",
        "X-Frame-Options": "DENY",
        "X-XSS-Protection": "1 ; mode=block",
        "Referrer-Policy": "no-referrer",
        "Strict-Transport-Security": "max-age=31536000"
    }
}</msg>
<status status="PASS" starttime="20200925 13:50:56.988" endtime="20200925 13:50:56.992"></status>
</kw>
<status status="PASS" starttime="20200925 13:50:56.614" endtime="20200925 13:50:56.993"></status>
</kw>
<doc>Create an entity with a JSON-LD payload containing the minimal information</doc>
<tags>
<tag>critical</tag>
</tags>
<status status="PASS" starttime="20200925 13:50:55.939" endtime="20200925 13:50:56.994" critical="yes"></status>
</test>
<test id="s1-s1-s1-s1-s1-s1-s1-s3-t2" name="SuccessCases_EntityWithSimpleProperties">
<kw name="Create Entity">
<arguments>
<arg>building-simple-attributes.jsonld</arg>
</arguments>
<kw name="Create Dictionary" library="BuiltIn">
<doc>Creates and returns a dictionary based on the given ``items``.</doc>
<arguments>
<arg>Content-Type=application/ld+json</arg>
<arg>authorization=Bearer ${token}</arg>
</arguments>
<assign>
<var>&amp;{headers}</var>
</assign>
<msg timestamp="20200925 13:50:57.004" level="INFO">&amp;{headers} = { Content-Type=application/ld+json | authorization=Bearer eyJhbGciOiJSUzI1NiIsInR5cCIgOiAiSldUIiwia2lkIiA6ICJIS0xvcnlIcDN6VHlOY0EtNWYwQ19iVC1hbm5ldDFLSUhFT0U1VnN1NjRrIn0.eyJleHAiOjE2MDE4OTk1ODQsImlhdC...</msg>
<status status="PASS" starttime="20200925 13:50:57.001" endtime="20200925 13:50:57.005"></status>
</kw>
<kw name="Post" library="REST">
<tags>
<tag>http</tag>
</tags>
<doc>*Sends a POST request to the endpoint.*</doc>
<arguments>
<arg>${endpoint}</arg>
<arg>body=/home/poliveira/git/isg-cim-tpdl-demo/TP/NGSI-LD/ContextInformation/Provision/Entities/CreateEntity/data/${filename}</arg>
<arg>headers=${headers}</arg>
</arguments>
<assign>
<var>${response}</var>
</assign>
<msg timestamp="20200925 13:50:57.762" level="INFO">${response} = {'seconds': 0.7369450000000001, 'status': 201, 'body': '', 'headers': {'Server': 'nginx/1.14.2', 'Date': 'Fri, 25 Sep 2020 12:50:57 GMT', 'Content-Length': '0', 'Connection': 'keep-alive', 'Location':...</msg>
<status status="PASS" starttime="20200925 13:50:57.006" endtime="20200925 13:50:57.762"></status>
</kw>
<kw name="Output" library="REST">
<tags>
<tag>I/O</tag>
</tags>
<doc>*Outputs JSON to terminal or a file.*</doc>
<arguments>
<arg>request</arg>
</arguments>
<msg timestamp="20200925 13:50:57.765" level="INFO">
{
    "method": "POST",
    "url": "https://stellio-dev.eglobalmark.com/ngsi-ld/v1/entities",
    "scheme": "https",
    "netloc": "stellio-dev.eglobalmark.com",
    "path": "/ngsi-ld/v1/entities",
    "query": {},
    "body": {
        "id": "urn:ngsi-ld:Building:3009ef20-9f62-41f5-bd66-92f041b428b9",
        "type": "Building",
        "name": {
            "type": "Property",
            "value": "Eiffel Tower"
        },
        "subCategory": {
            "type": "Property",
            "value": [
                "tourism"
            ]
        },
        "airQualityLevel": {
            "type": "Property",
            "value": 4,
            "unitCode": "C62",
            "observedAt": "2020-09-09T16:40:00.000Z"
        },
        "almostFull": {
            "type": "Property",
            "value": false
        },
        "@context": [
            "https://fiware.github.io/data-models/context.jsonld",
            "https://uri.etsi.org/ngsi-ld/v1/ngsi-ld-core-context.jsonld"
        ]
    },
    "headers": {
        "Accept": "application/json, */*",
        "Content-Type": "application/ld+json",
        "User-Agent": "RESTinstance/1.0.2",
        "authorization": "Bearer eyJhbGciOiJSUzI1NiIsInR5cCIgOiAiSldUIiwia2lkIiA6ICJIS0xvcnlIcDN6VHlOY0EtNWYwQ19iVC1hbm5ldDFLSUhFT0U1VnN1NjRrIn0.eyJleHAiOjE2MDE4OTk1ODQsImlhdCI6MTYwMTAzNTU4NCwianRpIjoiMWM1OWM1ZGEtOTJiYy00YzlmLThjNzAtNmJjYjllMTVhNWE1IiwiaXNzIjoiaHR0cHM6Ly9zc28uZWdsb2JhbG1hcmsuY29tL2F1dGgvcmVhbG1zL3N0ZWxsaW8tZGV2IiwiYXVkIjoiYWNjb3VudCIsInN1YiI6ImYzZmVlOWFkLWI3NzItNDFmMy05ZmVmLTNhODIxODI3OTUwMyIsInR5cCI6IkJlYXJlciIsImF6cCI6InR0Zi1jaW0tdWJpd2hlcmUiLCJzZXNzaW9uX3N0YXRlIjoiNDE0OWMwNzctNjMyOS00ODEzLTg1ZmItZGIwYTU1OGI5ZDcyIiwiYWNyIjoiMSIsInJlYWxtX2FjY2VzcyI6eyJyb2xlcyI6WyJzdGVsbGlvLWNyZWF0b3IiLCJvZmZsaW5lX2FjY2VzcyIsInVtYV9hdXRob3JpemF0aW9uIl19LCJyZXNvdXJjZV9hY2Nlc3MiOnsidHRmLWNpbS11Yml3aGVyZSI6eyJyb2xlcyI6WyJ1bWFfcHJvdGVjdGlvbiJdfSwiYWNjb3VudCI6eyJyb2xlcyI6WyJtYW5hZ2UtYWNjb3VudCIsIm1hbmFnZS1hY2NvdW50LWxpbmtzIiwidmlldy1wcm9maWxlIl19fSwic2NvcGUiOiJwcm9maWxlIGVtYWlsIiwiZW1haWxfdmVyaWZpZWQiOmZhbHNlLCJjbGllbnRJZCI6InR0Zi1jaW0tdWJpd2hlcmUiLCJjbGllbnRIb3N0IjoiMTAuNS4xLjEiLCJwcmVmZXJyZWRfdXNlcm5hbWUiOiJzZXJ2aWNlLWFjY291bnQtdHRmLWNpbS11Yml3aGVyZSIsImNsaWVudEFkZHJlc3MiOiIxMC41LjEuMSJ9.hVeuUUmH7jJ6h1Bj6voYzaE-513JMU5VNnjU5Fm1oQWkz2b9jElofSE_PB--JAVdk54hGuS9U_rD68Xwg-YHxkNeaGPyhZYXuiEwu9R7l4EApKDgqabNM_o_KO-jZjXlVLarym8Kz4Ucfp3F4AJ2DnLGKFhAUV4poTZV4s8LVXXboSHBFqRpKICPP_NkGwUxflDHwLi1Di5gEFU4EnFDJq5snSEug9YPlmHFyhXAFajqa25DFc1Qd2PwqIVBn37NTFhqq_vn8QeJZj3XS8kn2A_WrwggqnXWpoWUp_rXFLEs8kYlhibBGwDLImQlP1KUmMASCn9dwnCUzcWzPInRzQ"
    },
    "proxies": {},
    "timeout": [
        null,
        null
    ],
    "cert": null,
    "sslVerify": true,
    "allowRedirects": true,
    "timestamp": {
        "utc": "2020-09-25T12:50:57.757931+00:00",
        "local": "2020-09-25T13:50:57.757931+01:00"
    }
}</msg>
<status status="PASS" starttime="20200925 13:50:57.763" endtime="20200925 13:50:57.772"></status>
</kw>
<kw name="Output" library="REST">
<tags>
<tag>I/O</tag>
</tags>
<doc>*Outputs JSON to terminal or a file.*</doc>
<arguments>
<arg>response</arg>
</arguments>
<msg timestamp="20200925 13:50:57.774" level="INFO">
{
    "seconds": 0.7369450000000001,
    "status": 201,
    "body": "",
    "headers": {
        "Server": "nginx/1.14.2",
        "Date": "Fri, 25 Sep 2020 12:50:57 GMT",
        "Content-Length": "0",
        "Connection": "keep-alive",
        "Location": "/ngsi-ld/v1/entities/urn:ngsi-ld:Building:3009ef20-9f62-41f5-bd66-92f041b428b9",
        "Cache-Control": "no-cache, no-store, max-age=0, must-revalidate",
        "Pragma": "no-cache",
        "Expires": "0",
        "X-Content-Type-Options": "nosniff",
        "X-Frame-Options": "DENY",
        "X-XSS-Protection": "1 ; mode=block",
        "Referrer-Policy": "no-referrer",
        "Strict-Transport-Security": "max-age=31536000"
    }
}</msg>
<status status="PASS" starttime="20200925 13:50:57.773" endtime="20200925 13:50:57.777"></status>
</kw>
<kw name="Set Test Variable" library="BuiltIn">
<doc>Makes a variable available everywhere within the scope of the current test.</doc>
<arguments>
<arg>${response}</arg>
</arguments>
<msg timestamp="20200925 13:50:57.780" level="INFO">${response} = {'seconds': 0.7369450000000001, 'status': 201, 'body': '', 'headers': {'Server': 'nginx/1.14.2', 'Date': 'Fri, 25 Sep 2020 12:50:57 GMT', 'Content-Length': '0', 'Connection': 'keep-alive', 'Location':...</msg>
<status status="PASS" starttime="20200925 13:50:57.778" endtime="20200925 13:50:57.781"></status>
</kw>
<status status="PASS" starttime="20200925 13:50:56.999" endtime="20200925 13:50:57.782"></status>
</kw>
<kw name="Check HTTP Status Code Is">
<arguments>
<arg>201</arg>
</arguments>
<kw name="Convert To String" library="BuiltIn">
<doc>Converts the given item to a Unicode string.</doc>
<arguments>
<arg>${response['status']}</arg>
</arguments>
<assign>
<var>${response_status}</var>
</assign>
<msg timestamp="20200925 13:50:57.789" level="INFO">${response_status} = 201</msg>
<status status="PASS" starttime="20200925 13:50:57.786" endtime="20200925 13:50:57.790"></status>
</kw>
<kw name="Should Be Equal" library="BuiltIn">
<doc>Fails if the given objects are unequal.</doc>
<arguments>
<arg>${response_status}</arg>
<arg>${status}</arg>
</arguments>
<status status="PASS" starttime="20200925 13:50:57.790" endtime="20200925 13:50:57.793"></status>
</kw>
<status status="PASS" starttime="20200925 13:50:57.783" endtime="20200925 13:50:57.794"></status>
</kw>
<kw name="Delete Entity by Id">
<arguments>
<arg>${id}</arg>
</arguments>
<kw name="Create Dictionary" library="BuiltIn">
<doc>Creates and returns a dictionary based on the given ``items``.</doc>
<arguments>
<arg>authorization=Bearer ${token}</arg>
</arguments>
<assign>
<var>&amp;{headers}</var>
</assign>
<msg timestamp="20200925 13:50:57.802" level="INFO">&amp;{headers} = { authorization=Bearer eyJhbGciOiJSUzI1NiIsInR5cCIgOiAiSldUIiwia2lkIiA6ICJIS0xvcnlIcDN6VHlOY0EtNWYwQ19iVC1hbm5ldDFLSUhFT0U1VnN1NjRrIn0.eyJleHAiOjE2MDE4OTk1ODQsImlhdCI6MTYwMTAzNTU4NCwianRpIjoiMWM1OWM1Z...</msg>
<status status="PASS" starttime="20200925 13:50:57.799" endtime="20200925 13:50:57.803"></status>
</kw>
<kw name="Delete" library="REST">
<tags>
<tag>http</tag>
</tags>
<doc>*Sends a DELETE request to the endpoint.*</doc>
<arguments>
<arg>${endpoint}/${id}</arg>
<arg>headers=${headers}</arg>
</arguments>
<assign>
<var>${response}</var>
</assign>
<msg timestamp="20200925 13:50:58.113" level="INFO">${response} = {'seconds': 0.29047500000000004, 'status': 204, 'body': '', 'headers': {'Server': 'nginx/1.14.2', 'Date': 'Fri, 25 Sep 2020 12:50:58 GMT', 'Connection': 'keep-alive', 'Cache-Control': 'no-cache, no-st...</msg>
<status status="PASS" starttime="20200925 13:50:57.804" endtime="20200925 13:50:58.113"></status>
</kw>
<kw name="Output" library="REST">
<tags>
<tag>I/O</tag>
</tags>
<doc>*Outputs JSON to terminal or a file.*</doc>
<arguments>
<arg>request</arg>
</arguments>
<msg timestamp="20200925 13:50:58.117" level="INFO">
{
    "method": "DELETE",
    "url": "https://stellio-dev.eglobalmark.com/ngsi-ld/v1/entities/urn:ngsi-ld:Building:3009ef20-9f62-41f5-bd66-92f041b428b9",
    "scheme": "https",
    "netloc": "stellio-dev.eglobalmark.com",
    "path": "/ngsi-ld/v1/entities/urn:ngsi-ld:Building:3009ef20-9f62-41f5-bd66-92f041b428b9",
    "query": {},
    "body": null,
    "headers": {
        "Accept": "application/json, */*",
        "Content-Type": "application/json",
        "User-Agent": "RESTinstance/1.0.2",
        "authorization": "Bearer eyJhbGciOiJSUzI1NiIsInR5cCIgOiAiSldUIiwia2lkIiA6ICJIS0xvcnlIcDN6VHlOY0EtNWYwQ19iVC1hbm5ldDFLSUhFT0U1VnN1NjRrIn0.eyJleHAiOjE2MDE4OTk1ODQsImlhdCI6MTYwMTAzNTU4NCwianRpIjoiMWM1OWM1ZGEtOTJiYy00YzlmLThjNzAtNmJjYjllMTVhNWE1IiwiaXNzIjoiaHR0cHM6Ly9zc28uZWdsb2JhbG1hcmsuY29tL2F1dGgvcmVhbG1zL3N0ZWxsaW8tZGV2IiwiYXVkIjoiYWNjb3VudCIsInN1YiI6ImYzZmVlOWFkLWI3NzItNDFmMy05ZmVmLTNhODIxODI3OTUwMyIsInR5cCI6IkJlYXJlciIsImF6cCI6InR0Zi1jaW0tdWJpd2hlcmUiLCJzZXNzaW9uX3N0YXRlIjoiNDE0OWMwNzctNjMyOS00ODEzLTg1ZmItZGIwYTU1OGI5ZDcyIiwiYWNyIjoiMSIsInJlYWxtX2FjY2VzcyI6eyJyb2xlcyI6WyJzdGVsbGlvLWNyZWF0b3IiLCJvZmZsaW5lX2FjY2VzcyIsInVtYV9hdXRob3JpemF0aW9uIl19LCJyZXNvdXJjZV9hY2Nlc3MiOnsidHRmLWNpbS11Yml3aGVyZSI6eyJyb2xlcyI6WyJ1bWFfcHJvdGVjdGlvbiJdfSwiYWNjb3VudCI6eyJyb2xlcyI6WyJtYW5hZ2UtYWNjb3VudCIsIm1hbmFnZS1hY2NvdW50LWxpbmtzIiwidmlldy1wcm9maWxlIl19fSwic2NvcGUiOiJwcm9maWxlIGVtYWlsIiwiZW1haWxfdmVyaWZpZWQiOmZhbHNlLCJjbGllbnRJZCI6InR0Zi1jaW0tdWJpd2hlcmUiLCJjbGllbnRIb3N0IjoiMTAuNS4xLjEiLCJwcmVmZXJyZWRfdXNlcm5hbWUiOiJzZXJ2aWNlLWFjY291bnQtdHRmLWNpbS11Yml3aGVyZSIsImNsaWVudEFkZHJlc3MiOiIxMC41LjEuMSJ9.hVeuUUmH7jJ6h1Bj6voYzaE-513JMU5VNnjU5Fm1oQWkz2b9jElofSE_PB--JAVdk54hGuS9U_rD68Xwg-YHxkNeaGPyhZYXuiEwu9R7l4EApKDgqabNM_o_KO-jZjXlVLarym8Kz4Ucfp3F4AJ2DnLGKFhAUV4poTZV4s8LVXXboSHBFqRpKICPP_NkGwUxflDHwLi1Di5gEFU4EnFDJq5snSEug9YPlmHFyhXAFajqa25DFc1Qd2PwqIVBn37NTFhqq_vn8QeJZj3XS8kn2A_WrwggqnXWpoWUp_rXFLEs8kYlhibBGwDLImQlP1KUmMASCn9dwnCUzcWzPInRzQ"
    },
    "proxies": {},
    "timeout": [
        null,
        null
    ],
    "cert": null,
    "sslVerify": true,
    "allowRedirects": true,
    "timestamp": {
        "utc": "2020-09-25T12:50:58.109191+00:00",
        "local": "2020-09-25T13:50:58.109191+01:00"
    }
}</msg>
<status status="PASS" starttime="20200925 13:50:58.115" endtime="20200925 13:50:58.126"></status>
</kw>
<kw name="Output" library="REST">
<tags>
<tag>I/O</tag>
</tags>
<doc>*Outputs JSON to terminal or a file.*</doc>
<arguments>
<arg>response</arg>
</arguments>
<msg timestamp="20200925 13:50:58.129" level="INFO">
{
    "seconds": 0.29047500000000004,
    "status": 204,
    "body": "",
    "headers": {
        "Server": "nginx/1.14.2",
        "Date": "Fri, 25 Sep 2020 12:50:58 GMT",
        "Connection": "keep-alive",
        "Cache-Control": "no-cache, no-store, max-age=0, must-revalidate",
        "Pragma": "no-cache",
        "Expires": "0",
        "X-Content-Type-Options": "nosniff",
        "X-Frame-Options": "DENY",
        "X-XSS-Protection": "1 ; mode=block",
        "Referrer-Policy": "no-referrer",
        "Strict-Transport-Security": "max-age=31536000"
    }
}</msg>
<status status="PASS" starttime="20200925 13:50:58.127" endtime="20200925 13:50:58.137"></status>
</kw>
<status status="PASS" starttime="20200925 13:50:57.796" endtime="20200925 13:50:58.138"></status>
</kw>
<doc>Create an entity with a JSON-LD payload containing only simple properties</doc>
<status status="PASS" starttime="20200925 13:50:56.996" endtime="20200925 13:50:58.139" critical="yes"></status>
</test>
<doc>Check that the IUT accepts the creation of an entity</doc>
<status status="PASS" starttime="20200925 13:50:55.908" endtime="20200925 13:50:58.144"></status>
</suite>
<status status="PASS" starttime="20200925 13:50:47.524" endtime="20200925 13:50:58.169"></status>
</suite>
<status status="PASS" starttime="20200925 13:50:47.520" endtime="20200925 13:50:58.198"></status>
</suite>
<status status="PASS" starttime="20200925 13:50:47.517" endtime="20200925 13:50:58.215"></status>
</suite>
<status status="PASS" starttime="20200925 13:50:47.513" endtime="20200925 13:50:58.223"></status>
</suite>
<status status="PASS" starttime="20200925 13:50:47.511" endtime="20200925 13:50:58.230"></status>
</suite>
<status status="PASS" starttime="20200925 13:50:47.508" endtime="20200925 13:50:58.237"></status>
</suite>
<status status="PASS" starttime="20200925 13:50:47.484" endtime="20200925 13:50:58.241"></status>
</suite>
<statistics>
<total>
<stat pass="5" fail="0">Critical Tests</stat>
<stat pass="5" fail="0">All Tests</stat>
</total>
<tag>
<stat pass="2" fail="0">critical</stat>
</tag>
<suite>
<stat pass="5" fail="0" id="s1" name="Isg-Cim-Tpdl-Demo">Isg-Cim-Tpdl-Demo</stat>
<stat pass="5" fail="0" id="s1-s1" name="TP">Isg-Cim-Tpdl-Demo.TP</stat>
<stat pass="5" fail="0" id="s1-s1-s1" name="NGSI-LD">Isg-Cim-Tpdl-Demo.TP.NGSI-LD</stat>
<stat pass="5" fail="0" id="s1-s1-s1-s1" name="ContextInformation">Isg-Cim-Tpdl-Demo.TP.NGSI-LD.ContextInformation</stat>
<stat pass="5" fail="0" id="s1-s1-s1-s1-s1" name="Provision">Isg-Cim-Tpdl-Demo.TP.NGSI-LD.ContextInformation.Provision</stat>
<stat pass="5" fail="0" id="s1-s1-s1-s1-s1-s1" name="Entities">Isg-Cim-Tpdl-Demo.TP.NGSI-LD.ContextInformation.Provision.Entities</stat>
<stat pass="5" fail="0" id="s1-s1-s1-s1-s1-s1-s1" name="CreateEntity">Isg-Cim-Tpdl-Demo.TP.NGSI-LD.ContextInformation.Provision.Entities.CreateEntity</stat>
<stat pass="1" fail="0" id="s1-s1-s1-s1-s1-s1-s1-s1" name="AlreadyExists">Isg-Cim-Tpdl-Demo.TP.NGSI-LD.ContextInformation.Provision.Entities.CreateEntity.AlreadyExists</stat>
<stat pass="2" fail="0" id="s1-s1-s1-s1-s1-s1-s1-s2" name="SuccessCases-datadriven">Isg-Cim-Tpdl-Demo.TP.NGSI-LD.ContextInformation.Provision.Entities.CreateEntity.SuccessCases-datadriven</stat>
<stat pass="2" fail="0" id="s1-s1-s1-s1-s1-s1-s1-s3" name="SuccessCases">Isg-Cim-Tpdl-Demo.TP.NGSI-LD.ContextInformation.Provision.Entities.CreateEntity.SuccessCases</stat>
</suite>
</statistics>
<errors>
</errors>
</robot>
